TN:
SF:src\CDN.js
FN:7,(anonymous_0)
FN:32,(anonymous_1)
FN:37,(anonymous_2)
FN:43,(anonymous_3)
FN:49,(anonymous_4)
FN:55,(anonymous_5)
FN:61,(anonymous_6)
FN:66,(anonymous_7)
FN:78,(anonymous_8)
FNF:9
FNH:3
FNDA:1,(anonymous_0)
FNDA:0,(anonymous_1)
FNDA:0,(anonymous_2)
FNDA:0,(anonymous_3)
FNDA:0,(anonymous_4)
FNDA:0,(anonymous_5)
FNDA:0,(anonymous_6)
FNDA:17,(anonymous_7)
FNDA:1,(anonymous_8)
DA:6,1
DA:8,1
DA:9,1
DA:10,1
DA:29,1
DA:33,0
DA:38,0
DA:39,0
DA:44,0
DA:45,0
DA:50,0
DA:51,0
DA:56,0
DA:57,0
DA:62,0
DA:63,0
DA:67,17
DA:68,17
DA:69,17
DA:72,17
DA:73,13
DA:75,17
DA:79,1
DA:80,17
DA:81,0
DA:82,0
DA:85,0
DA:86,0
DA:90,17
DA:96,1
LF:30
LH:15
BRDA:7,0,0,1
BRDA:8,1,0,1
BRDA:8,1,1,1
BRDA:68,2,0,17
BRDA:72,3,0,13
BRDA:72,4,0,17
BRDA:72,4,1,17
BRDA:72,4,2,15
BRDA:80,5,0,0
BRDA:80,5,1,17
BRDA:81,6,0,0
BRDA:81,6,1,0
BRDA:86,7,0,0
BRDA:86,7,1,0
BRDA:86,8,0,0
BRDA:86,8,1,0
BRF:16
BRH:9
end_of_record
TN:
SF:src\Element.js
FN:14,(anonymous_1)
FN:82,(anonymous_2)
FN:104,(anonymous_3)
FN:113,(anonymous_4)
FN:126,(anonymous_5)
FN:139,(anonymous_6)
FN:146,(anonymous_7)
FN:166,(anonymous_8)
FN:177,(anonymous_9)
FN:184,(anonymous_10)
FN:202,(anonymous_11)
FN:225,(anonymous_12)
FN:231,(anonymous_13)
FN:249,(anonymous_14)
FN:250,(anonymous_15)
FN:263,(anonymous_16)
FN:265,(anonymous_17)
FN:266,(anonymous_18)
FN:275,(anonymous_19)
FN:284,(anonymous_20)
FN:298,(anonymous_21)
FN:309,(anonymous_22)
FN:332,(anonymous_23)
FN:351,(anonymous_24)
FN:372,(anonymous_25)
FN:374,(anonymous_26)
FN:389,(anonymous_27)
FN:390,(anonymous_28)
FN:397,(anonymous_29)
FN:407,(anonymous_30)
FN:444,(anonymous_31)
FN:453,(anonymous_32)
FN:462,(anonymous_33)
FN:466,(anonymous_34)
FN:487,(anonymous_35)
FN:502,(anonymous_36)
FN:521,(anonymous_37)
FN:545,(anonymous_38)
FN:562,(anonymous_39)
FN:575,(anonymous_40)
FN:608,(anonymous_41)
FN:614,(anonymous_42)
FN:632,(anonymous_43)
FN:649,(anonymous_44)
FN:657,(anonymous_45)
FNF:45
FNH:0
FNDA:0,(anonymous_1)
FNDA:0,(anonymous_2)
FNDA:0,(anonymous_3)
FNDA:0,(anonymous_4)
FNDA:0,(anonymous_5)
FNDA:0,(anonymous_6)
FNDA:0,(anonymous_7)
FNDA:0,(anonymous_8)
FNDA:0,(anonymous_9)
FNDA:0,(anonymous_10)
FNDA:0,(anonymous_11)
FNDA:0,(anonymous_12)
FNDA:0,(anonymous_13)
FNDA:0,(anonymous_14)
FNDA:0,(anonymous_15)
FNDA:0,(anonymous_16)
FNDA:0,(anonymous_17)
FNDA:0,(anonymous_18)
FNDA:0,(anonymous_19)
FNDA:0,(anonymous_20)
FNDA:0,(anonymous_21)
FNDA:0,(anonymous_22)
FNDA:0,(anonymous_23)
FNDA:0,(anonymous_24)
FNDA:0,(anonymous_25)
FNDA:0,(anonymous_26)
FNDA:0,(anonymous_27)
FNDA:0,(anonymous_28)
FNDA:0,(anonymous_29)
FNDA:0,(anonymous_30)
FNDA:0,(anonymous_31)
FNDA:0,(anonymous_32)
FNDA:0,(anonymous_33)
FNDA:0,(anonymous_34)
FNDA:0,(anonymous_35)
FNDA:0,(anonymous_36)
FNDA:0,(anonymous_37)
FNDA:0,(anonymous_38)
FNDA:0,(anonymous_39)
FNDA:0,(anonymous_40)
FNDA:0,(anonymous_41)
FNDA:0,(anonymous_42)
FNDA:0,(anonymous_43)
FNDA:0,(anonymous_44)
FNDA:0,(anonymous_45)
DA:1,1
DA:2,1
DA:3,1
DA:4,1
DA:5,1
DA:6,1
DA:7,1
DA:13,1
DA:19,0
DA:36,0
DA:41,0
DA:44,0
DA:45,0
DA:46,0
DA:48,0
DA:54,0
DA:56,0
DA:61,0
DA:83,0
DA:84,0
DA:86,0
DA:89,0
DA:90,0
DA:91,0
DA:94,0
DA:105,0
DA:114,0
DA:115,0
DA:118,0
DA:127,0
DA:128,0
DA:131,0
DA:140,0
DA:141,0
DA:144,0
DA:146,0
DA:148,0
DA:149,0
DA:153,0
DA:154,0
DA:157,0
DA:167,0
DA:168,0
DA:178,0
DA:179,0
DA:182,0
DA:184,0
DA:185,0
DA:186,0
DA:189,0
DA:203,0
DA:204,0
DA:206,0
DA:207,0
DA:209,0
DA:210,0
DA:211,0
DA:212,0
DA:215,0
DA:226,0
DA:227,0
DA:228,0
DA:231,0
DA:232,0
DA:238,0
DA:239,0
DA:242,0
DA:243,0
DA:246,0
DA:250,0
DA:251,0
DA:257,0
DA:260,0
DA:264,0
DA:265,0
DA:266,0
DA:267,0
DA:268,0
DA:276,0
DA:277,0
DA:285,0
DA:286,0
DA:287,0
DA:288,0
DA:299,0
DA:300,0
DA:310,0
DA:311,0
DA:312,0
DA:313,0
DA:315,0
DA:316,0
DA:319,0
DA:323,0
DA:333,0
DA:334,0
DA:335,0
DA:337,0
DA:341,0
DA:354,0
DA:357,0
DA:358,0
DA:362,0
DA:363,0
DA:373,0
DA:374,0
DA:375,0
DA:376,0
DA:377,0
DA:378,0
DA:381,0
DA:390,0
DA:398,0
DA:408,0
DA:409,0
DA:410,0
DA:412,0
DA:414,0
DA:415,0
DA:418,0
DA:427,0
DA:429,0
DA:430,0
DA:432,0
DA:433,0
DA:445,0
DA:454,0
DA:463,0
DA:464,0
DA:466,0
DA:467,0
DA:468,0
DA:470,0
DA:473,0
DA:488,0
DA:489,0
DA:492,0
DA:493,0
DA:503,0
DA:504,0
DA:507,0
DA:508,0
DA:509,0
DA:512,0
DA:522,0
DA:523,0
DA:526,0
DA:527,0
DA:528,0
DA:529,0
DA:532,0
DA:546,0
DA:547,0
DA:549,0
DA:550,0
DA:551,0
DA:552,0
DA:553,0
DA:555,0
DA:563,0
DA:564,0
DA:565,0
DA:576,0
DA:609,0
DA:614,0
DA:622,0
DA:623,0
DA:624,0
DA:626,0
DA:630,0
DA:631,0
DA:632,0
DA:633,0
DA:635,0
DA:637,0
DA:650,0
DA:658,0
DA:659,0
DA:660,0
DA:664,0
DA:667,0
DA:668,0
DA:670,0
LF:183
LH:8
BRDA:28,0,0,0
BRDA:28,0,1,0
BRDA:44,1,0,0
BRDA:44,1,1,0
BRDA:45,2,0,0
BRDA:45,3,0,0
BRDA:45,3,1,0
BRDA:45,4,0,0
BRDA:45,4,1,0
BRDA:48,5,0,0
BRDA:48,5,1,0
BRDA:54,6,0,0
BRDA:54,6,1,0
BRDA:54,7,0,0
BRDA:54,7,1,0
BRDA:62,8,0,0
BRDA:62,8,1,0
BRDA:62,9,0,0
BRDA:62,9,1,0
BRDA:82,10,0,0
BRDA:83,11,0,0
BRDA:94,12,0,0
BRDA:94,12,1,0
BRDA:114,13,0,0
BRDA:127,14,0,0
BRDA:140,15,0,0
BRDA:146,16,0,0
BRDA:146,16,1,0
BRDA:146,17,0,0
BRDA:146,17,1,0
BRDA:148,18,0,0
BRDA:148,19,0,0
BRDA:148,19,1,0
BRDA:153,20,0,0
BRDA:153,21,0,0
BRDA:153,21,1,0
BRDA:157,22,0,0
BRDA:157,22,1,0
BRDA:157,23,0,0
BRDA:157,23,1,0
BRDA:167,24,0,0
BRDA:178,25,0,0
BRDA:185,26,0,0
BRDA:189,27,0,0
BRDA:189,27,1,0
BRDA:203,28,0,0
BRDA:206,29,0,0
BRDA:209,30,0,0
BRDA:209,30,1,0
BRDA:211,31,0,0
BRDA:225,32,0,0
BRDA:227,33,0,0
BRDA:232,34,0,0
BRDA:233,35,0,0
BRDA:233,35,1,0
BRDA:233,35,2,0
BRDA:233,35,3,0
BRDA:233,35,4,0
BRDA:242,36,0,0
BRDA:251,37,0,0
BRDA:252,38,0,0
BRDA:252,38,1,0
BRDA:252,38,2,0
BRDA:252,38,3,0
BRDA:264,39,0,0
BRDA:267,40,0,0
BRDA:267,41,0,0
BRDA:267,41,1,0
BRDA:267,41,2,0
BRDA:267,41,3,0
BRDA:284,42,0,0
BRDA:287,43,0,0
BRDA:299,44,0,0
BRDA:299,44,1,0
BRDA:299,45,0,0
BRDA:299,45,1,0
BRDA:310,46,0,0
BRDA:311,47,0,0
BRDA:311,47,1,0
BRDA:333,48,0,0
BRDA:333,49,0,0
BRDA:333,49,1,0
BRDA:351,50,0,0
BRDA:357,51,0,0
BRDA:373,52,0,0
BRDA:373,52,1,0
BRDA:375,53,0,0
BRDA:375,53,1,0
BRDA:375,54,0,0
BRDA:375,54,1,0
BRDA:377,55,0,0
BRDA:390,56,0,0
BRDA:390,56,1,0
BRDA:398,57,0,0
BRDA:398,57,1,0
BRDA:398,58,0,0
BRDA:398,58,1,0
BRDA:398,59,0,0
BRDA:398,59,1,0
BRDA:408,60,0,0
BRDA:408,61,0,0
BRDA:408,61,1,0
BRDA:414,62,0,0
BRDA:422,63,0,0
BRDA:422,63,1,0
BRDA:422,64,0,0
BRDA:422,64,1,0
BRDA:422,65,0,0
BRDA:422,65,1,0
BRDA:422,66,0,0
BRDA:422,66,1,0
BRDA:422,67,0,0
BRDA:422,67,1,0
BRDA:429,68,0,0
BRDA:432,69,0,0
BRDA:445,70,0,0
BRDA:445,70,1,0
BRDA:463,71,0,0
BRDA:467,72,0,0
BRDA:468,73,0,0
BRDA:468,73,1,0
BRDA:488,74,0,0
BRDA:503,75,0,0
BRDA:503,76,0,0
BRDA:503,76,1,0
BRDA:508,77,0,0
BRDA:508,78,0,0
BRDA:508,78,1,0
BRDA:508,79,0,0
BRDA:508,79,1,0
BRDA:522,80,0,0
BRDA:522,81,0,0
BRDA:522,81,1,0
BRDA:522,81,2,0
BRDA:527,82,0,0
BRDA:546,83,0,0
BRDA:546,84,0,0
BRDA:546,84,1,0
BRDA:546,84,2,0
BRDA:549,85,0,0
BRDA:549,85,1,0
BRDA:549,86,0,0
BRDA:549,86,1,0
BRDA:550,87,0,0
BRDA:550,87,1,0
BRDA:550,88,0,0
BRDA:550,88,1,0
BRDA:552,89,0,0
BRDA:552,90,0,0
BRDA:552,90,1,0
BRDA:563,91,0,0
BRDA:590,92,0,0
BRDA:590,92,1,0
BRDA:590,93,0,0
BRDA:590,93,1,0
BRDA:590,93,2,0
BRDA:592,94,0,0
BRDA:592,94,1,0
BRDA:592,95,0,0
BRDA:592,95,1,0
BRDA:592,96,0,0
BRDA:592,96,1,0
BRDA:608,97,0,0
BRDA:609,98,0,0
BRDA:610,99,0,0
BRDA:610,99,1,0
BRDA:610,99,2,0
BRDA:610,99,3,0
BRDA:622,100,0,0
BRDA:622,101,0,0
BRDA:622,101,1,0
BRDA:622,101,2,0
BRDA:623,102,0,0
BRDA:630,103,0,0
BRDA:630,104,0,0
BRDA:630,104,1,0
BRDA:633,105,0,0
BRDA:633,105,1,0
BRDA:649,106,0,0
BRDA:659,107,0,0
BRDA:659,107,1,0
BRDA:659,108,0,0
BRDA:659,108,1,0
BRDA:659,108,2,0
BRDA:664,109,0,0
BRDA:664,109,1,0
BRDA:667,110,0,0
BRDA:667,110,1,0
BRF:188
BRH:0
end_of_record
TN:
SF:src\Embed.js
FN:18,(anonymous_8)
FN:25,(anonymous_9)
FN:32,(anonymous_10)
FN:39,(anonymous_11)
FN:46,(anonymous_12)
FN:53,(anonymous_13)
FN:60,(anonymous_14)
FN:66,(anonymous_15)
FN:72,(anonymous_16)
FN:81,(anonymous_17)
FN:89,(anonymous_18)
FN:94,(anonymous_19)
FN:97,(anonymous_20)
FN:103,(anonymous_21)
FN:103,(anonymous_22)
FN:108,(anonymous_23)
FN:128,(anonymous_24)
FN:130,(anonymous_25)
FN:140,(anonymous_26)
FN:145,(anonymous_28)
FN:157,(anonymous_29)
FN:187,(anonymous_31)
FN:188,(anonymous_32)
FN:192,(anonymous_33)
FN:230,(anonymous_34)
FN:239,(anonymous_35)
FN:275,(anonymous_37)
FN:302,(anonymous_39)
FN:302,(anonymous_40)
FN:372,(anonymous_41)
FN:382,(anonymous_42)
FN:386,(anonymous_43)
FN:397,(anonymous_44)
FN:398,(anonymous_45)
FN:398,(anonymous_46)
FN:459,(anonymous_47)
FN:511,(anonymous_48)
FN:525,(anonymous_50)
FN:525,(anonymous_51)
FN:536,(anonymous_52)
FN:550,(anonymous_53)
FN:550,(anonymous_54)
FN:555,(anonymous_55)
FN:13,(anonymous_56)
FN:563,(anonymous_57)
FN:563,(anonymous_58)
FN:568,(anonymous_59)
FN:579,(anonymous_60)
FN:587,(anonymous_61)
FN:591,(anonymous_62)
FN:596,(anonymous_63)
FN:603,(anonymous_64)
FN:607,(anonymous_65)
FN:614,(anonymous_66)
FN:620,(anonymous_67)
FN:629,(anonymous_68)
FNF:56
FNH:2
FNDA:0,(anonymous_8)
FNDA:1,(anonymous_9)
FNDA:0,(anonymous_10)
FNDA:0,(anonymous_11)
FNDA:0,(anonymous_12)
FNDA:0,(anonymous_13)
FNDA:0,(anonymous_14)
FNDA:0,(anonymous_15)
FNDA:0,(anonymous_16)
FNDA:0,(anonymous_17)
FNDA:0,(anonymous_18)
FNDA:0,(anonymous_19)
FNDA:0,(anonymous_20)
FNDA:0,(anonymous_21)
FNDA:0,(anonymous_22)
FNDA:0,(anonymous_23)
FNDA:0,(anonymous_24)
FNDA:0,(anonymous_25)
FNDA:0,(anonymous_26)
FNDA:0,(anonymous_28)
FNDA:0,(anonymous_29)
FNDA:0,(anonymous_31)
FNDA:0,(anonymous_32)
FNDA:0,(anonymous_33)
FNDA:0,(anonymous_34)
FNDA:0,(anonymous_35)
FNDA:0,(anonymous_37)
FNDA:0,(anonymous_39)
FNDA:0,(anonymous_40)
FNDA:0,(anonymous_41)
FNDA:0,(anonymous_42)
FNDA:0,(anonymous_43)
FNDA:0,(anonymous_44)
FNDA:0,(anonymous_45)
FNDA:0,(anonymous_46)
FNDA:0,(anonymous_47)
FNDA:0,(anonymous_48)
FNDA:0,(anonymous_50)
FNDA:0,(anonymous_51)
FNDA:0,(anonymous_52)
FNDA:0,(anonymous_53)
FNDA:0,(anonymous_54)
FNDA:0,(anonymous_55)
FNDA:1,(anonymous_56)
FNDA:0,(anonymous_57)
FNDA:0,(anonymous_58)
FNDA:0,(anonymous_59)
FNDA:0,(anonymous_60)
FNDA:0,(anonymous_61)
FNDA:0,(anonymous_62)
FNDA:0,(anonymous_63)
FNDA:0,(anonymous_64)
FNDA:0,(anonymous_65)
FNDA:0,(anonymous_66)
FNDA:0,(anonymous_67)
FNDA:0,(anonymous_68)
DA:1,1
DA:2,1
DA:3,1
DA:8,1
DA:10,1
DA:11,1
DA:12,1
DA:13,1
DA:14,1
DA:15,1
DA:17,1
DA:19,0
DA:20,0
DA:21,0
DA:26,1
DA:27,1
DA:28,0
DA:33,0
DA:34,0
DA:35,0
DA:40,0
DA:41,0
DA:42,0
DA:47,0
DA:48,0
DA:49,0
DA:54,0
DA:55,0
DA:56,0
DA:61,0
DA:62,0
DA:67,0
DA:68,0
DA:73,0
DA:74,0
DA:75,0
DA:77,0
DA:78,0
DA:82,0
DA:83,0
DA:85,0
DA:90,0
DA:91,0
DA:92,0
DA:94,0
DA:95,0
DA:97,0
DA:98,0
DA:100,0
DA:103,0
DA:104,0
DA:105,0
DA:107,0
DA:108,0
DA:110,0
DA:111,0
DA:112,0
DA:114,0
DA:115,0
DA:116,0
DA:122,0
DA:123,0
DA:125,0
DA:126,0
DA:128,0
DA:129,0
DA:130,0
DA:131,0
DA:132,0
DA:133,0
DA:134,0
DA:141,0
DA:142,0
DA:144,0
DA:145,0
DA:146,0
DA:148,0
DA:149,0
DA:158,0
DA:159,0
DA:160,0
DA:163,0
DA:164,0
DA:165,0
DA:167,0
DA:171,0
DA:172,0
DA:173,0
DA:180,0
DA:184,0
DA:185,0
DA:187,0
DA:188,0
DA:189,0
DA:190,0
DA:192,0
DA:193,0
DA:194,0
DA:199,0
DA:202,0
DA:208,0
DA:209,0
DA:212,0
DA:213,0
DA:214,0
DA:215,0
DA:216,0
DA:217,0
DA:218,0
DA:219,0
DA:221,0
DA:222,0
DA:223,0
DA:224,0
DA:231,0
DA:232,0
DA:233,0
DA:234,0
DA:236,0
DA:240,0
DA:241,0
DA:243,0
DA:244,0
DA:245,0
DA:246,0
DA:249,0
DA:250,0
DA:252,0
DA:253,0
DA:258,0
DA:259,0
DA:260,0
DA:261,0
DA:262,0
DA:264,0
DA:267,0
DA:268,0
DA:269,0
DA:270,0
DA:271,0
DA:276,0
DA:302,0
DA:303,0
DA:304,0
DA:350,0
DA:373,0
DA:380,0
DA:382,0
DA:383,0
DA:384,0
DA:386,0
DA:387,0
DA:388,0
DA:391,0
DA:394,0
DA:397,0
DA:398,0
DA:402,0
DA:405,0
DA:408,0
DA:412,0
DA:416,0
DA:417,0
DA:420,0
DA:422,0
DA:426,0
DA:429,0
DA:430,0
DA:433,0
DA:436,0
DA:442,0
DA:444,0
DA:445,0
DA:446,0
DA:452,0
DA:453,0
DA:454,0
DA:457,0
DA:458,0
DA:459,0
DA:460,0
DA:463,0
DA:464,0
DA:467,0
DA:468,0
DA:472,0
DA:473,0
DA:480,0
DA:481,0
DA:485,0
DA:486,0
DA:490,0
DA:491,0
DA:492,0
DA:493,0
DA:494,0
DA:498,0
DA:502,0
DA:503,0
DA:505,0
DA:506,0
DA:507,0
DA:512,0
DA:513,0
DA:514,0
DA:516,0
DA:517,0
DA:518,0
DA:519,0
DA:521,0
DA:525,0
DA:526,0
DA:527,0
DA:532,0
DA:533,0
DA:538,0
DA:539,0
DA:540,0
DA:544,0
DA:545,0
DA:550,0
DA:551,0
DA:552,0
DA:554,0
DA:555,0
DA:556,0
DA:557,0
DA:562,1
DA:563,0
DA:564,0
DA:565,0
DA:567,0
DA:568,0
DA:569,0
DA:570,0
DA:576,1
DA:578,1
DA:580,0
DA:581,0
DA:582,0
DA:583,0
DA:584,0
DA:592,0
DA:593,0
DA:595,0
DA:596,0
DA:597,0
DA:598,0
DA:599,0
DA:604,0
DA:608,0
DA:609,0
DA:610,0
DA:615,0
DA:616,0
DA:618,0
DA:619,0
DA:620,0
DA:621,0
DA:622,0
DA:624,0
DA:628,1
DA:630,0
DA:634,1
DA:635,1
LF:265
LH:19
BRDA:18,0,0,0
BRDA:20,1,0,0
BRDA:20,2,0,0
BRDA:20,2,1,0
BRDA:25,3,0,0
BRDA:27,4,0,0
BRDA:27,5,0,1
BRDA:27,5,1,0
BRDA:32,6,0,0
BRDA:34,7,0,0
BRDA:34,8,0,0
BRDA:34,8,1,0
BRDA:39,9,0,0
BRDA:41,10,0,0
BRDA:41,11,0,0
BRDA:41,11,1,0
BRDA:46,12,0,0
BRDA:48,13,0,0
BRDA:48,14,0,0
BRDA:48,14,1,0
BRDA:53,15,0,0
BRDA:55,16,0,0
BRDA:55,17,0,0
BRDA:55,17,1,0
BRDA:61,18,0,0
BRDA:67,19,0,0
BRDA:72,20,0,0
BRDA:74,21,0,0
BRDA:74,22,0,0
BRDA:74,22,1,0
BRDA:74,22,2,0
BRDA:82,23,0,0
BRDA:82,23,1,0
BRDA:82,24,0,0
BRDA:82,24,1,0
BRDA:91,25,0,0
BRDA:97,26,0,0
BRDA:97,26,1,0
BRDA:103,27,0,0
BRDA:104,28,0,0
BRDA:107,29,0,0
BRDA:107,30,0,0
BRDA:107,30,1,0
BRDA:110,31,0,0
BRDA:110,32,0,0
BRDA:110,32,1,0
BRDA:125,33,0,0
BRDA:131,34,0,0
BRDA:141,35,0,0
BRDA:144,36,0,0
BRDA:144,37,0,0
BRDA:144,37,1,0
BRDA:159,38,0,0
BRDA:163,39,0,0
BRDA:163,39,1,0
BRDA:164,40,0,0
BRDA:164,41,0,0
BRDA:164,41,1,0
BRDA:164,41,2,0
BRDA:167,42,0,0
BRDA:167,42,1,0
BRDA:167,43,0,0
BRDA:167,43,1,0
BRDA:172,44,0,0
BRDA:193,45,0,0
BRDA:202,46,0,0
BRDA:203,47,0,0
BRDA:203,47,1,0
BRDA:203,47,2,0
BRDA:203,47,3,0
BRDA:203,47,4,0
BRDA:209,48,0,0
BRDA:209,48,1,0
BRDA:212,49,0,0
BRDA:213,50,0,0
BRDA:213,50,1,0
BRDA:216,51,0,0
BRDA:216,51,1,0
BRDA:218,52,0,0
BRDA:218,53,0,0
BRDA:218,53,1,0
BRDA:223,54,0,0
BRDA:231,55,0,0
BRDA:231,55,1,0
BRDA:232,56,0,0
BRDA:232,57,0,0
BRDA:232,57,1,0
BRDA:240,58,0,0
BRDA:243,59,0,0
BRDA:249,60,0,0
BRDA:250,61,0,0
BRDA:250,61,1,0
BRDA:252,62,0,0
BRDA:254,63,0,0
BRDA:254,63,1,0
BRDA:256,64,0,0
BRDA:256,64,1,0
BRDA:258,65,0,0
BRDA:260,66,0,0
BRDA:260,66,1,0
BRDA:261,67,0,0
BRDA:261,68,0,0
BRDA:261,68,1,0
BRDA:264,69,0,0
BRDA:264,69,1,0
BRDA:267,70,0,0
BRDA:302,71,0,0
BRDA:302,72,0,0
BRDA:303,73,0,0
BRDA:303,73,1,0
BRDA:304,74,0,0
BRDA:304,74,1,0
BRDA:380,75,0,0
BRDA:380,75,1,0
BRDA:382,76,0,0
BRDA:383,77,0,0
BRDA:387,78,0,0
BRDA:387,79,0,0
BRDA:387,79,1,0
BRDA:391,80,0,0
BRDA:391,80,1,0
BRDA:391,80,2,0
BRDA:395,81,0,0
BRDA:395,81,1,0
BRDA:395,81,2,0
BRDA:395,81,3,0
BRDA:397,82,0,0
BRDA:397,82,1,0
BRDA:397,83,0,0
BRDA:397,83,1,0
BRDA:397,84,0,0
BRDA:397,84,1,0
BRDA:398,85,0,0
BRDA:398,85,1,0
BRDA:398,86,0,0
BRDA:398,86,1,0
BRDA:398,87,0,0
BRDA:398,87,1,0
BRDA:402,88,0,0
BRDA:402,88,1,0
BRDA:402,89,0,0
BRDA:402,89,1,0
BRDA:412,90,0,0
BRDA:412,90,1,0
BRDA:412,90,2,0
BRDA:412,90,3,0
BRDA:416,91,0,0
BRDA:433,92,0,0
BRDA:433,92,1,0
BRDA:438,93,0,0
BRDA:438,93,1,0
BRDA:444,94,0,0
BRDA:444,94,1,0
BRDA:445,95,0,0
BRDA:445,95,1,0
BRDA:448,96,0,0
BRDA:448,96,1,0
BRDA:450,97,0,0
BRDA:450,97,1,0
BRDA:453,98,0,0
BRDA:453,98,1,0
BRDA:453,98,2,0
BRDA:455,99,0,0
BRDA:455,99,1,0
BRDA:455,99,2,0
BRDA:458,100,0,0
BRDA:458,100,1,0
BRDA:458,100,2,0
BRDA:463,101,0,0
BRDA:467,102,0,0
BRDA:472,103,0,0
BRDA:472,104,0,0
BRDA:472,104,1,0
BRDA:480,105,0,0
BRDA:481,106,0,0
BRDA:481,106,1,0
BRDA:485,107,0,0
BRDA:490,108,0,0
BRDA:493,109,0,0
BRDA:493,109,1,0
BRDA:500,110,0,0
BRDA:500,110,1,0
BRDA:502,111,0,0
BRDA:513,112,0,0
BRDA:516,113,0,0
BRDA:516,113,1,0
BRDA:516,114,0,0
BRDA:516,114,1,0
BRDA:517,115,0,0
BRDA:525,116,0,0
BRDA:526,117,0,0
BRDA:538,118,0,0
BRDA:550,119,0,0
BRDA:551,120,0,0
BRDA:551,121,0,0
BRDA:551,121,1,0
BRDA:551,122,0,0
BRDA:551,122,1,0
BRDA:563,123,0,0
BRDA:564,124,0,0
BRDA:564,125,0,0
BRDA:564,125,1,0
BRDA:564,126,0,0
BRDA:564,126,1,0
BRDA:576,127,0,0
BRDA:576,127,1,1
BRDA:582,128,0,0
BRDA:582,128,1,0
BRDA:592,129,0,0
BRDA:592,130,0,0
BRDA:592,130,1,0
BRDA:609,131,0,0
BRDA:615,132,0,0
BRF:213
BRH:2
end_of_record
TN:
SF:src\EventEmitter.js
FN:4,(anonymous_0)
FN:25,(anonymous_1)
FN:29,(anonymous_2)
FN:8,(anonymous_3)
FN:17,(anonymous_4)
FNF:5
FNH:0
FNDA:0,(anonymous_0)
FNDA:0,(anonymous_1)
FNDA:0,(anonymous_2)
FNDA:0,(anonymous_3)
FNDA:0,(anonymous_4)
DA:1,1
DA:2,1
DA:3,1
DA:5,0
DA:6,0
DA:8,0
DA:9,0
DA:12,0
DA:17,0
DA:18,0
DA:19,0
DA:21,0
DA:25,0
DA:26,0
DA:29,0
DA:30,0
LF:16
LH:3
BRDA:4,0,0,0
BRDA:5,1,0,0
BRDA:5,2,0,0
BRF:3
BRH:0
end_of_record
TN:
SF:src\Form.js
FN:113,(anonymous_1)
FN:134,(anonymous_2)
FN:152,(anonymous_3)
FN:158,(anonymous_4)
FN:165,(anonymous_5)
FN:171,(anonymous_6)
FN:215,(anonymous_7)
FN:232,(anonymous_8)
FN:236,(anonymous_9)
FN:264,(anonymous_10)
FN:274,(anonymous_11)
FN:294,(anonymous_12)
FN:302,(anonymous_13)
FN:305,(anonymous_14)
FN:310,(anonymous_15)
FN:313,(anonymous_16)
FN:348,(anonymous_17)
FN:357,(anonymous_18)
FN:368,(anonymous_19)
FN:377,(anonymous_20)
FN:385,(anonymous_21)
FN:390,(anonymous_22)
FN:398,(anonymous_23)
FN:399,(anonymous_24)
FN:409,(anonymous_25)
FN:426,(anonymous_26)
FN:434,(anonymous_27)
FN:446,(anonymous_28)
FN:461,(anonymous_29)
FN:463,(anonymous_30)
FN:465,(anonymous_31)
FN:471,(anonymous_32)
FN:475,(anonymous_33)
FN:481,(anonymous_34)
FN:489,(anonymous_35)
FN:495,(anonymous_36)
FN:503,(anonymous_37)
FN:515,(anonymous_38)
FNF:38
FNH:0
FNDA:0,(anonymous_1)
FNDA:0,(anonymous_2)
FNDA:0,(anonymous_3)
FNDA:0,(anonymous_4)
FNDA:0,(anonymous_5)
FNDA:0,(anonymous_6)
FNDA:0,(anonymous_7)
FNDA:0,(anonymous_8)
FNDA:0,(anonymous_9)
FNDA:0,(anonymous_10)
FNDA:0,(anonymous_11)
FNDA:0,(anonymous_12)
FNDA:0,(anonymous_13)
FNDA:0,(anonymous_14)
FNDA:0,(anonymous_15)
FNDA:0,(anonymous_16)
FNDA:0,(anonymous_17)
FNDA:0,(anonymous_18)
FNDA:0,(anonymous_19)
FNDA:0,(anonymous_20)
FNDA:0,(anonymous_21)
FNDA:0,(anonymous_22)
FNDA:0,(anonymous_23)
FNDA:0,(anonymous_24)
FNDA:0,(anonymous_25)
FNDA:0,(anonymous_26)
FNDA:0,(anonymous_27)
FNDA:0,(anonymous_28)
FNDA:0,(anonymous_29)
FNDA:0,(anonymous_30)
FNDA:0,(anonymous_31)
FNDA:0,(anonymous_32)
FNDA:0,(anonymous_33)
FNDA:0,(anonymous_34)
FNDA:0,(anonymous_35)
FNDA:0,(anonymous_36)
FNDA:0,(anonymous_37)
FNDA:0,(anonymous_38)
DA:1,1
DA:2,1
DA:3,1
DA:4,1
DA:5,1
DA:102,1
DA:115,0
DA:116,0
DA:117,0
DA:118,0
DA:120,0
DA:121,0
DA:122,0
DA:124,0
DA:125,0
DA:128,0
DA:130,0
DA:131,0
DA:134,0
DA:135,0
DA:136,0
DA:139,0
DA:140,0
DA:141,0
DA:142,0
DA:144,0
DA:146,0
DA:148,0
DA:149,0
DA:150,0
DA:151,0
DA:152,0
DA:155,0
DA:159,0
DA:160,0
DA:161,0
DA:162,0
DA:165,0
DA:166,0
DA:168,0
DA:172,0
DA:173,0
DA:175,0
DA:176,0
DA:177,0
DA:179,0
DA:201,0
DA:202,0
DA:203,0
DA:204,0
DA:206,0
DA:216,0
DA:217,0
DA:219,0
DA:220,0
DA:221,0
DA:223,0
DA:233,0
DA:237,0
DA:265,0
DA:266,0
DA:268,0
DA:269,0
DA:271,0
DA:272,0
DA:274,0
DA:275,0
DA:277,0
DA:279,0
DA:280,0
DA:286,0
DA:296,0
DA:297,0
DA:298,0
DA:300,0
DA:301,0
DA:303,0
DA:306,0
DA:311,0
DA:315,0
DA:316,0
DA:318,0
DA:319,0
DA:322,0
DA:323,0
DA:324,0
DA:326,0
DA:329,0
DA:330,0
DA:331,0
DA:332,0
DA:334,0
DA:335,0
DA:337,0
DA:342,0
DA:343,0
DA:344,0
DA:348,0
DA:349,0
DA:350,0
DA:352,0
DA:353,0
DA:358,0
DA:359,0
DA:361,0
DA:369,0
DA:378,0
DA:379,0
DA:382,0
DA:383,0
DA:384,0
DA:385,0
DA:386,0
DA:391,0
DA:392,0
DA:393,0
DA:399,0
DA:400,0
DA:401,0
DA:403,0
DA:404,0
DA:405,0
DA:406,0
DA:407,0
DA:408,0
DA:409,0
DA:410,0
DA:411,0
DA:412,0
DA:413,0
DA:414,0
DA:428,0
DA:429,0
DA:431,0
DA:435,0
DA:436,0
DA:437,0
DA:439,0
DA:447,0
DA:448,0
DA:451,0
DA:452,0
DA:456,0
DA:457,0
DA:458,0
DA:460,0
DA:462,0
DA:463,0
DA:466,0
DA:467,0
DA:472,0
DA:473,0
DA:475,0
DA:476,0
DA:477,0
DA:482,0
DA:483,0
DA:485,0
DA:486,0
DA:488,0
DA:489,0
DA:490,0
DA:491,0
DA:496,0
DA:497,0
DA:498,0
DA:503,1
DA:515,1
DA:516,0
DA:519,1
DA:522,1
DA:524,1
LF:172
LH:11
BRDA:113,0,0,0
BRDA:115,1,0,0
BRDA:115,1,1,0
BRDA:122,2,0,0
BRDA:122,2,1,0
BRDA:124,3,0,0
BRDA:124,4,0,0
BRDA:124,4,1,0
BRDA:130,5,0,0
BRDA:140,6,0,0
BRDA:140,6,1,0
BRDA:141,7,0,0
BRDA:150,8,0,0
BRDA:161,9,0,0
BRDA:165,10,0,0
BRDA:165,10,1,0
BRDA:172,11,0,0
BRDA:172,12,0,0
BRDA:172,12,1,0
BRDA:175,13,0,0
BRDA:175,13,1,0
BRDA:176,14,0,0
BRDA:202,15,0,0
BRDA:203,16,0,0
BRDA:216,17,0,0
BRDA:216,18,0,0
BRDA:216,18,1,0
BRDA:216,18,2,0
BRDA:220,19,0,0
BRDA:220,19,1,0
BRDA:252,20,0,0
BRDA:252,20,1,0
BRDA:266,21,0,0
BRDA:266,21,1,0
BRDA:266,22,0,0
BRDA:266,22,1,0
BRDA:268,23,0,0
BRDA:274,24,0,0
BRDA:274,25,0,0
BRDA:274,25,1,0
BRDA:279,26,0,0
BRDA:296,27,0,0
BRDA:296,27,1,0
BRDA:297,28,0,0
BRDA:297,28,1,0
BRDA:315,29,0,0
BRDA:319,30,0,0
BRDA:319,30,1,0
BRDA:322,31,0,0
BRDA:322,31,1,0
BRDA:331,32,0,0
BRDA:334,33,0,0
BRDA:342,34,0,0
BRDA:342,34,1,0
BRDA:349,35,0,0
BRDA:358,36,0,0
BRDA:378,37,0,0
BRDA:378,38,0,0
BRDA:378,38,1,0
BRDA:391,39,0,0
BRDA:400,40,0,0
BRDA:400,41,0,0
BRDA:400,41,1,0
BRDA:403,42,0,0
BRDA:403,42,1,0
BRDA:404,43,0,0
BRDA:404,43,1,0
BRDA:405,44,0,0
BRDA:405,44,1,0
BRDA:412,45,0,0
BRDA:412,46,0,0
BRDA:412,46,1,0
BRDA:428,47,0,0
BRDA:428,48,0,0
BRDA:428,48,1,0
BRDA:435,49,0,0
BRDA:447,50,0,0
BRDA:451,51,0,0
BRDA:456,52,0,0
BRDA:456,52,1,0
BRDA:456,53,0,0
BRDA:456,53,1,0
BRDA:457,54,0,0
BRDA:457,54,1,0
BRDA:472,55,0,0
BRDA:482,56,0,0
BRDA:485,57,0,0
BRF:87
BRH:0
end_of_record
TN:
SF:src\FormBuilder.js
FN:36,(anonymous_1)
FN:50,(anonymous_2)
FN:66,(anonymous_3)
FNF:3
FNH:0
FNDA:0,(anonymous_1)
FNDA:0,(anonymous_2)
FNDA:0,(anonymous_3)
DA:1,1
DA:2,1
DA:3,1
DA:5,1
DA:24,1
DA:37,0
DA:38,0
DA:39,0
DA:51,0
DA:52,0
DA:54,0
DA:66,1
DA:67,0
DA:70,1
LF:14
LH:7
BRDA:37,0,0,0
BRDA:37,0,1,0
BRDA:38,1,0,0
BRDA:38,1,1,0
BRDA:45,2,0,0
BRDA:45,2,1,0
BRDA:45,3,0,0
BRDA:45,3,1,0
BRDA:51,4,0,0
BRDA:51,4,1,0
BRF:10
BRH:0
end_of_record
TN:
SF:src\Formio.js
FN:135,(anonymous_1)
FN:10,(anonymous_2)
FN:11,(anonymous_3)
FN:21,(anonymous_4)
FN:23,(anonymous_5)
FN:44,(anonymous_6)
FN:51,(anonymous_7)
FN:53,(anonymous_8)
FN:71,(anonymous_9)
FN:78,(anonymous_10)
FN:80,(anonymous_11)
FN:99,(anonymous_12)
FN:101,(anonymous_13)
FN:120,(anonymous_14)
FNF:14
FNH:4
FNDA:42,(anonymous_1)
FNDA:0,(anonymous_2)
FNDA:0,(anonymous_3)
FNDA:0,(anonymous_4)
FNDA:0,(anonymous_5)
FNDA:0,(anonymous_6)
FNDA:0,(anonymous_7)
FNDA:0,(anonymous_8)
FNDA:0,(anonymous_9)
FNDA:0,(anonymous_10)
FNDA:0,(anonymous_11)
FNDA:6,(anonymous_12)
FNDA:1,(anonymous_13)
FNDA:2,(anonymous_14)
DA:1,1
DA:2,1
DA:3,1
DA:4,1
DA:5,1
DA:6,1
DA:7,1
DA:8,1
DA:10,1
DA:11,1
DA:12,0
DA:19,0
DA:20,0
DA:22,0
DA:24,0
DA:25,0
DA:26,0
DA:27,0
DA:28,0
DA:29,0
DA:31,0
DA:34,0
DA:37,0
DA:41,0
DA:44,1
DA:45,0
DA:50,0
DA:52,0
DA:54,0
DA:55,0
DA:56,0
DA:57,0
DA:58,0
DA:61,0
DA:64,0
DA:68,0
DA:71,1
DA:72,0
DA:77,0
DA:79,0
DA:81,0
DA:82,0
DA:83,0
DA:84,0
DA:85,0
DA:88,0
DA:91,0
DA:95,0
DA:99,1
DA:100,6
DA:101,6
DA:102,1
DA:103,1
DA:108,1
DA:109,1
DA:110,1
DA:111,1
DA:112,1
DA:113,1
DA:114,1
DA:115,1
DA:116,1
DA:117,1
DA:118,1
DA:119,1
DA:120,1
DA:121,2
DA:122,2
DA:126,1
DA:127,1
DA:130,1
DA:131,1
DA:134,1
DA:135,43
LF:74
LH:38
BRDA:8,0,0,0
BRDA:8,0,1,1
BRDA:10,1,0,0
BRDA:10,1,1,0
BRDA:19,2,0,0
BRDA:19,2,1,0
BRDA:24,3,0,0
BRDA:24,4,0,0
BRDA:24,4,1,0
BRDA:26,5,0,0
BRDA:26,5,1,0
BRDA:28,6,0,0
BRDA:37,7,0,0
BRDA:37,7,1,0
BRDA:54,8,0,0
BRDA:54,9,0,0
BRDA:54,9,1,0
BRDA:56,10,0,0
BRDA:56,10,1,0
BRDA:64,11,0,0
BRDA:64,11,1,0
BRDA:81,12,0,0
BRDA:81,13,0,0
BRDA:81,13,1,0
BRDA:83,14,0,0
BRDA:83,14,1,0
BRDA:91,15,0,0
BRDA:91,15,1,0
BRDA:103,16,0,1
BRDA:103,16,1,0
BRDA:121,17,0,2
BRDA:121,18,0,2
BRDA:121,18,1,2
BRDA:126,19,0,1
BRDA:130,20,0,1
BRF:35
BRH:7
end_of_record
TN:
SF:src\InlineEmbed.js
FN:6,embed
FN:23,(anonymous_1)
FN:78,(anonymous_2)
FN:84,(anonymous_3)
FN:87,(anonymous_4)
FN:104,(anonymous_5)
FN:105,(anonymous_6)
FNF:7
FNH:0
FNDA:0,embed
FNDA:0,(anonymous_1)
FNDA:0,(anonymous_2)
FNDA:0,(anonymous_3)
FNDA:0,(anonymous_4)
FNDA:0,(anonymous_5)
FNDA:0,(anonymous_6)
DA:7,0
DA:8,0
DA:9,0
DA:10,0
DA:11,0
DA:12,0
DA:13,0
DA:16,0
DA:17,0
DA:20,0
DA:21,0
DA:22,0
DA:23,0
DA:24,0
DA:27,0
DA:28,0
DA:29,0
DA:30,0
DA:31,0
DA:32,0
DA:33,0
DA:36,0
DA:38,0
DA:39,0
DA:40,0
DA:62,0
DA:63,0
DA:65,0
DA:66,0
DA:67,0
DA:70,0
DA:71,0
DA:72,0
DA:77,0
DA:78,0
DA:79,0
DA:80,0
DA:84,0
DA:87,0
DA:88,0
DA:89,0
DA:90,0
DA:91,0
DA:94,0
DA:95,0
DA:96,0
DA:98,0
DA:104,0
DA:106,0
DA:115,0
LF:50
LH:0
BRDA:6,0,0,0
BRDA:8,1,0,0
BRDA:8,1,1,0
BRDA:11,2,0,0
BRDA:11,2,1,0
BRDA:13,3,0,0
BRDA:13,3,1,0
BRDA:14,4,0,0
BRDA:14,4,1,0
BRDA:20,5,0,0
BRDA:20,5,1,0
BRDA:24,6,0,0
BRDA:24,6,1,0
BRDA:30,7,0,0
BRDA:30,7,1,0
BRDA:38,8,0,0
BRDA:38,8,1,0
BRDA:39,9,0,0
BRDA:39,9,1,0
BRDA:41,10,0,0
BRDA:41,10,1,0
BRDA:42,11,0,0
BRDA:42,11,1,0
BRDA:43,12,0,0
BRDA:43,12,1,0
BRDA:44,13,0,0
BRDA:44,13,1,0
BRDA:49,14,0,0
BRDA:49,14,1,0
BRDA:51,15,0,0
BRDA:51,15,1,0
BRDA:52,16,0,0
BRDA:52,16,1,0
BRDA:53,17,0,0
BRDA:53,17,1,0
BRDA:56,18,0,0
BRDA:56,18,1,0
BRDA:58,19,0,0
BRDA:58,19,1,0
BRDA:62,20,0,0
BRDA:62,20,1,0
BRDA:65,21,0,0
BRDA:65,21,1,0
BRDA:66,22,0,0
BRDA:66,22,1,0
BRDA:79,23,0,0
BRDA:79,23,1,0
BRDA:89,24,0,0
BRDA:89,24,1,0
BRDA:95,25,0,0
BRDA:95,25,1,0
BRF:51
BRH:0
end_of_record
TN:
SF:src\PDF.js
FN:6,(anonymous_1)
FN:12,(anonymous_2)
FN:18,(anonymous_3)
FN:28,(anonymous_4)
FN:36,(anonymous_5)
FN:54,(anonymous_6)
FN:57,(anonymous_7)
FN:77,(anonymous_8)
FN:82,(anonymous_9)
FN:90,(anonymous_10)
FN:101,(anonymous_11)
FN:108,(anonymous_12)
FN:109,(anonymous_13)
FN:122,(anonymous_14)
FN:148,(anonymous_15)
FN:153,(anonymous_16)
FN:158,(anonymous_17)
FN:179,(anonymous_18)
FN:180,(anonymous_19)
FN:191,(anonymous_20)
FN:193,(anonymous_21)
FN:196,(anonymous_22)
FN:229,(anonymous_23)
FN:230,(anonymous_24)
FN:247,(anonymous_25)
FN:250,(anonymous_26)
FN:259,(anonymous_27)
FN:269,(anonymous_28)
FN:281,(anonymous_29)
FN:289,(anonymous_30)
FN:291,(anonymous_31)
FN:300,(anonymous_32)
FN:317,(anonymous_33)
FN:319,(anonymous_34)
FN:333,(anonymous_35)
FNF:35
FNH:0
FNDA:0,(anonymous_1)
FNDA:0,(anonymous_2)
FNDA:0,(anonymous_3)
FNDA:0,(anonymous_4)
FNDA:0,(anonymous_5)
FNDA:0,(anonymous_6)
FNDA:0,(anonymous_7)
FNDA:0,(anonymous_8)
FNDA:0,(anonymous_9)
FNDA:0,(anonymous_10)
FNDA:0,(anonymous_11)
FNDA:0,(anonymous_12)
FNDA:0,(anonymous_13)
FNDA:0,(anonymous_14)
FNDA:0,(anonymous_15)
FNDA:0,(anonymous_16)
FNDA:0,(anonymous_17)
FNDA:0,(anonymous_18)
FNDA:0,(anonymous_19)
FNDA:0,(anonymous_20)
FNDA:0,(anonymous_21)
FNDA:0,(anonymous_22)
FNDA:0,(anonymous_23)
FNDA:0,(anonymous_24)
FNDA:0,(anonymous_25)
FNDA:0,(anonymous_26)
FNDA:0,(anonymous_27)
FNDA:0,(anonymous_28)
FNDA:0,(anonymous_29)
FNDA:0,(anonymous_30)
FNDA:0,(anonymous_31)
FNDA:0,(anonymous_32)
FNDA:0,(anonymous_33)
FNDA:0,(anonymous_34)
FNDA:0,(anonymous_35)
DA:1,1
DA:2,1
DA:3,1
DA:5,1
DA:7,0
DA:8,0
DA:9,0
DA:13,0
DA:16,0
DA:19,0
DA:26,0
DA:29,0
DA:36,0
DA:37,0
DA:38,0
DA:39,0
DA:40,0
DA:54,0
DA:58,0
DA:70,0
DA:78,0
DA:79,0
DA:83,0
DA:84,0
DA:85,0
DA:87,0
DA:91,0
DA:92,0
DA:93,0
DA:94,0
DA:96,0
DA:97,0
DA:102,0
DA:103,0
DA:104,0
DA:105,0
DA:109,0
DA:110,0
DA:118,0
DA:119,0
DA:122,0
DA:123,0
DA:124,0
DA:128,0
DA:135,0
DA:136,0
DA:139,0
DA:140,0
DA:143,0
DA:144,0
DA:145,0
DA:148,0
DA:149,0
DA:150,0
DA:153,0
DA:154,0
DA:155,0
DA:158,0
DA:159,0
DA:160,0
DA:163,0
DA:164,0
DA:165,0
DA:166,0
DA:167,0
DA:168,0
DA:171,0
DA:180,0
DA:181,0
DA:182,0
DA:192,0
DA:193,0
DA:197,0
DA:198,0
DA:201,0
DA:202,0
DA:206,0
DA:207,0
DA:210,0
DA:211,0
DA:214,0
DA:215,0
DA:218,0
DA:219,0
DA:222,0
DA:223,0
DA:226,0
DA:230,0
DA:231,0
DA:232,0
DA:233,0
DA:234,0
DA:235,0
DA:237,0
DA:248,0
DA:249,0
DA:250,0
DA:251,0
DA:252,0
DA:256,0
DA:261,0
DA:262,0
DA:265,0
DA:266,0
DA:269,0
DA:270,0
DA:275,0
DA:276,0
DA:282,0
DA:292,0
DA:293,0
DA:294,0
DA:296,0
DA:297,0
DA:299,0
DA:300,0
DA:301,0
DA:304,0
DA:306,0
DA:307,0
DA:310,0
DA:311,0
DA:314,0
DA:318,0
DA:319,0
DA:320,0
DA:321,0
DA:325,0
DA:332,1
DA:333,1
DA:334,0
DA:335,0
DA:336,0
DA:338,0
DA:342,0
DA:348,0
DA:349,0
DA:350,0
DA:351,0
DA:355,0
LF:140
LH:6
BRDA:38,0,0,0
BRDA:47,1,0,0
BRDA:47,1,1,0
BRDA:79,2,0,0
BRDA:79,2,1,0
BRDA:82,3,0,0
BRDA:83,4,0,0
BRDA:91,5,0,0
BRDA:91,6,0,0
BRDA:91,6,1,0
BRDA:102,7,0,0
BRDA:102,7,1,0
BRDA:103,8,0,0
BRDA:103,8,1,0
BRDA:149,9,0,0
BRDA:164,10,0,0
BRDA:191,11,0,0
BRDA:197,12,0,0
BRDA:197,13,0,0
BRDA:197,13,1,0
BRDA:197,13,2,0
BRDA:206,14,0,0
BRDA:206,15,0,0
BRDA:206,15,1,0
BRDA:210,16,0,0
BRDA:214,17,0,0
BRDA:218,18,0,0
BRDA:222,19,0,0
BRDA:229,20,0,0
BRDA:231,21,0,0
BRDA:247,22,0,0
BRDA:249,23,0,0
BRDA:249,24,0,0
BRDA:249,24,1,0
BRDA:251,25,0,0
BRDA:261,26,0,0
BRDA:265,27,0,0
BRDA:270,28,0,0
BRDA:271,29,0,0
BRDA:271,29,1,0
BRDA:271,29,2,0
BRDA:273,30,0,0
BRDA:273,30,1,0
BRDA:294,31,0,0
BRDA:294,31,1,0
BRDA:294,32,0,0
BRDA:294,32,1,0
BRDA:296,33,0,0
BRDA:296,34,0,0
BRDA:296,34,1,0
BRDA:296,34,2,0
BRDA:310,35,0,0
BRDA:310,36,0,0
BRDA:310,36,1,0
BRDA:320,37,0,0
BRDA:320,38,0,0
BRDA:320,38,1,0
BRDA:320,38,2,0
BRDA:321,39,0,0
BRDA:321,39,1,0
BRDA:332,40,0,1
BRDA:342,41,0,0
BRDA:343,42,0,0
BRDA:343,42,1,0
BRDA:343,42,2,0
BRDA:343,42,3,0
BRDA:348,43,0,0
BRDA:348,43,1,0
BRDA:350,44,0,0
BRF:69
BRH:1
end_of_record
TN:
SF:src\PDFBuilder.js
FN:10,(anonymous_1)
FN:32,(anonymous_2)
FN:64,(anonymous_3)
FN:68,(anonymous_4)
FN:72,(anonymous_5)
FN:78,(anonymous_6)
FN:84,(anonymous_7)
FN:89,(anonymous_8)
FN:106,(anonymous_9)
FN:118,(anonymous_10)
FN:133,(anonymous_11)
FN:137,(anonymous_12)
FN:141,(anonymous_13)
FN:150,(anonymous_14)
FN:160,(anonymous_15)
FN:174,(anonymous_16)
FN:186,(anonymous_17)
FN:187,(anonymous_18)
FN:190,(anonymous_19)
FN:201,(anonymous_20)
FN:211,(anonymous_21)
FN:225,(anonymous_22)
FN:240,(anonymous_23)
FN:278,(anonymous_24)
FN:281,(anonymous_25)
FN:289,(anonymous_26)
FN:294,(anonymous_27)
FN:308,(anonymous_28)
FN:321,(anonymous_29)
FN:326,(anonymous_30)
FN:342,(anonymous_31)
FN:346,(anonymous_32)
FN:370,(anonymous_33)
FN:388,(anonymous_34)
FN:410,(anonymous_35)
FN:417,(anonymous_36)
FN:425,(anonymous_37)
FN:433,(anonymous_38)
FN:437,(anonymous_39)
FN:440,(anonymous_40)
FN:447,(anonymous_41)
FN:454,(anonymous_42)
FN:466,(anonymous_43)
FN:478,(anonymous_44)
FN:485,(anonymous_45)
FN:556,(anonymous_46)
FN:562,(anonymous_47)
FN:575,(anonymous_48)
FNF:48
FNH:0
FNDA:0,(anonymous_1)
FNDA:0,(anonymous_2)
FNDA:0,(anonymous_3)
FNDA:0,(anonymous_4)
FNDA:0,(anonymous_5)
FNDA:0,(anonymous_6)
FNDA:0,(anonymous_7)
FNDA:0,(anonymous_8)
FNDA:0,(anonymous_9)
FNDA:0,(anonymous_10)
FNDA:0,(anonymous_11)
FNDA:0,(anonymous_12)
FNDA:0,(anonymous_13)
FNDA:0,(anonymous_14)
FNDA:0,(anonymous_15)
FNDA:0,(anonymous_16)
FNDA:0,(anonymous_17)
FNDA:0,(anonymous_18)
FNDA:0,(anonymous_19)
FNDA:0,(anonymous_20)
FNDA:0,(anonymous_21)
FNDA:0,(anonymous_22)
FNDA:0,(anonymous_23)
FNDA:0,(anonymous_24)
FNDA:0,(anonymous_25)
FNDA:0,(anonymous_26)
FNDA:0,(anonymous_27)
FNDA:0,(anonymous_28)
FNDA:0,(anonymous_29)
FNDA:0,(anonymous_30)
FNDA:0,(anonymous_31)
FNDA:0,(anonymous_32)
FNDA:0,(anonymous_33)
FNDA:0,(anonymous_34)
FNDA:0,(anonymous_35)
FNDA:0,(anonymous_36)
FNDA:0,(anonymous_37)
FNDA:0,(anonymous_38)
FNDA:0,(anonymous_39)
FNDA:0,(anonymous_40)
FNDA:0,(anonymous_41)
FNDA:0,(anonymous_42)
FNDA:0,(anonymous_43)
FNDA:0,(anonymous_44)
FNDA:0,(anonymous_45)
FNDA:0,(anonymous_46)
FNDA:0,(anonymous_47)
FNDA:0,(anonymous_48)
DA:1,1
DA:2,1
DA:4,1
DA:5,1
DA:6,1
DA:7,1
DA:9,1
DA:12,0
DA:13,0
DA:14,0
DA:16,0
DA:20,0
DA:21,0
DA:23,0
DA:24,0
DA:26,0
DA:29,0
DA:33,0
DA:65,0
DA:69,0
DA:73,0
DA:74,0
DA:75,0
DA:79,0
DA:85,0
DA:90,0
DA:103,0
DA:108,0
DA:109,0
DA:118,0
DA:119,0
DA:123,0
DA:124,0
DA:128,0
DA:131,0
DA:132,0
DA:133,0
DA:134,0
DA:135,0
DA:137,0
DA:138,0
DA:139,0
DA:141,0
DA:142,0
DA:143,0
DA:144,0
DA:145,0
DA:149,0
DA:150,0
DA:151,0
DA:154,0
DA:155,0
DA:157,0
DA:160,0
DA:161,0
DA:162,0
DA:165,0
DA:166,0
DA:170,0
DA:174,0
DA:175,0
DA:181,0
DA:182,0
DA:187,0
DA:188,0
DA:190,0
DA:191,0
DA:193,0
DA:194,0
DA:196,0
DA:197,0
DA:198,0
DA:199,0
DA:202,0
DA:203,0
DA:204,0
DA:212,0
DA:213,0
DA:214,0
DA:216,0
DA:217,0
DA:219,0
DA:226,0
DA:227,0
DA:228,0
DA:229,0
DA:230,0
DA:232,0
DA:241,0
DA:243,0
DA:244,0
DA:246,0
DA:248,0
DA:250,0
DA:251,0
DA:252,0
DA:255,0
DA:256,0
DA:258,0
DA:259,0
DA:262,0
DA:271,0
DA:272,0
DA:273,0
DA:275,0
DA:278,0
DA:282,0
DA:283,0
DA:285,0
DA:286,0
DA:291,0
DA:292,0
DA:293,0
DA:294,0
DA:296,0
DA:302,0
DA:305,0
DA:309,0
DA:310,0
DA:322,0
DA:323,0
DA:324,0
DA:327,0
DA:328,0
DA:329,0
DA:330,0
DA:335,0
DA:343,0
DA:344,0
DA:345,0
DA:346,0
DA:347,0
DA:348,0
DA:349,0
DA:350,0
DA:358,0
DA:363,0
DA:365,0
DA:367,0
DA:370,0
DA:371,0
DA:372,0
DA:373,0
DA:380,0
DA:381,0
DA:383,0
DA:386,0
DA:389,0
DA:390,0
DA:391,0
DA:411,0
DA:412,0
DA:415,0
DA:416,0
DA:417,0
DA:418,0
DA:419,0
DA:422,0
DA:426,0
DA:427,0
DA:429,0
DA:430,0
DA:434,0
DA:435,0
DA:437,0
DA:438,0
DA:441,0
DA:442,0
DA:443,0
DA:444,0
DA:445,0
DA:446,0
DA:447,0
DA:448,0
DA:455,0
DA:456,0
DA:459,0
DA:460,0
DA:462,0
DA:468,0
DA:469,0
DA:470,0
DA:472,0
DA:473,0
DA:474,0
DA:475,0
DA:479,0
DA:480,0
DA:481,0
DA:482,0
DA:488,0
DA:489,0
DA:490,0
DA:491,0
DA:492,0
DA:494,0
DA:497,0
DA:500,0
DA:507,0
DA:508,0
DA:509,0
DA:511,0
DA:515,0
DA:516,0
DA:517,0
DA:518,0
DA:519,0
DA:521,0
DA:522,0
DA:523,0
DA:527,0
DA:528,0
DA:530,0
DA:539,0
DA:540,0
DA:542,0
DA:552,0
DA:553,0
DA:557,0
DA:560,0
DA:561,0
DA:562,0
DA:563,0
DA:564,0
DA:568,0
DA:571,0
DA:572,0
DA:575,0
DA:576,0
DA:577,0
LF:230
LH:7
BRDA:12,0,0,0
BRDA:12,0,1,0
BRDA:12,1,0,0
BRDA:12,1,1,0
BRDA:23,2,0,0
BRDA:23,2,1,0
BRDA:69,3,0,0
BRDA:69,3,1,0
BRDA:74,4,0,0
BRDA:74,4,1,0
BRDA:100,5,0,0
BRDA:100,5,1,0
BRDA:108,6,0,0
BRDA:123,7,0,0
BRDA:123,7,1,0
BRDA:131,8,0,0
BRDA:149,9,0,0
BRDA:149,10,0,0
BRDA:149,10,1,0
BRDA:154,11,0,0
BRDA:154,11,1,0
BRDA:161,12,0,0
BRDA:197,13,0,0
BRDA:213,14,0,0
BRDA:216,15,0,0
BRDA:226,16,0,0
BRDA:229,17,0,0
BRDA:229,17,1,0
BRDA:243,18,0,0
BRDA:243,19,0,0
BRDA:243,19,1,0
BRDA:243,20,0,0
BRDA:243,20,1,0
BRDA:243,21,0,0
BRDA:243,21,1,0
BRDA:244,22,0,0
BRDA:244,22,1,0
BRDA:244,23,0,0
BRDA:244,23,1,0
BRDA:246,24,0,0
BRDA:246,24,1,0
BRDA:246,25,0,0
BRDA:246,25,1,0
BRDA:246,26,0,0
BRDA:246,26,1,0
BRDA:247,27,0,0
BRDA:247,27,1,0
BRDA:247,28,0,0
BRDA:247,28,1,0
BRDA:250,29,0,0
BRDA:250,30,0,0
BRDA:250,30,1,0
BRDA:250,30,2,0
BRDA:255,31,0,0
BRDA:258,32,0,0
BRDA:264,33,0,0
BRDA:264,33,1,0
BRDA:268,34,0,0
BRDA:268,34,1,0
BRDA:272,35,0,0
BRDA:272,35,1,0
BRDA:282,36,0,0
BRDA:285,37,0,0
BRDA:285,37,1,0
BRDA:296,38,0,0
BRDA:297,39,0,0
BRDA:297,39,1,0
BRDA:308,40,0,0
BRDA:327,41,0,0
BRDA:348,42,0,0
BRDA:348,43,0,0
BRDA:348,43,1,0
BRDA:358,44,0,0
BRDA:359,45,0,0
BRDA:359,45,1,0
BRDA:359,45,2,0
BRDA:372,46,0,0
BRDA:372,47,0,0
BRDA:372,47,1,0
BRDA:390,48,0,0
BRDA:390,49,0,0
BRDA:390,49,1,0
BRDA:411,50,0,0
BRDA:426,51,0,0
BRDA:434,52,0,0
BRDA:455,53,0,0
BRDA:461,54,0,0
BRDA:461,54,1,0
BRDA:461,55,0,0
BRDA:461,55,1,0
BRDA:463,56,0,0
BRDA:463,56,1,0
BRDA:463,57,0,0
BRDA:463,57,1,0
BRDA:468,58,0,0
BRDA:468,59,0,0
BRDA:489,60,0,0
BRDA:489,60,1,0
BRDA:490,61,0,0
BRDA:490,61,1,0
BRDA:497,62,0,0
BRDA:500,63,0,0
BRDA:500,63,1,0
BRDA:501,64,0,0
BRDA:501,64,1,0
BRDA:501,64,2,0
BRDA:501,64,3,0
BRDA:501,64,4,0
BRDA:501,64,5,0
BRDA:521,65,0,0
BRDA:521,66,0,0
BRDA:521,66,1,0
BRDA:527,67,0,0
BRDA:527,67,1,0
BRDA:527,68,0,0
BRDA:527,68,1,0
BRDA:527,69,0,0
BRDA:527,69,1,0
BRDA:531,70,0,0
BRDA:531,70,1,0
BRDA:534,71,0,0
BRDA:534,71,1,0
BRDA:548,72,0,0
BRDA:548,72,1,0
BRDA:560,73,0,0
BRDA:561,74,0,0
BRDA:563,75,0,0
BRDA:571,76,0,0
BRDA:576,77,0,0
BRF:129
BRH:0
end_of_record
TN:
SF:src\Webform.js
FN:36,getIconSet
FN:48,getOptions
FN:75,(anonymous_3)
FN:323,(anonymous_4)
FN:341,(anonymous_5)
FN:170,(anonymous_6)
FN:195,(anonymous_7)
FN:220,(anonymous_8)
FN:239,(anonymous_9)
FN:243,(anonymous_10)
FN:247,(anonymous_11)
FN:255,(anonymous_12)
FN:263,(anonymous_13)
FN:272,(anonymous_14)
FN:276,(anonymous_15)
FN:282,(anonymous_16)
FN:285,(anonymous_17)
FN:295,(anonymous_18)
FN:305,(anonymous_19)
FN:353,(anonymous_20)
FN:379,(anonymous_21)
FN:394,(anonymous_22)
FN:402,(anonymous_23)
FN:408,(anonymous_24)
FN:409,(anonymous_25)
FN:411,(anonymous_26)
FN:424,(anonymous_27)
FN:429,(anonymous_28)
FN:434,(anonymous_29)
FN:453,(anonymous_30)
FN:461,(anonymous_31)
FN:471,(anonymous_32)
FN:490,(anonymous_33)
FN:498,(anonymous_34)
FN:499,(anonymous_35)
FN:500,(anonymous_36)
FN:510,(anonymous_37)
FN:518,(anonymous_38)
FN:578,(anonymous_39)
FN:616,(anonymous_40)
FN:649,(anonymous_41)
FN:650,(anonymous_42)
FN:656,(anonymous_43)
FN:669,(anonymous_44)
FN:683,(anonymous_45)
FN:691,(anonymous_46)
FN:708,(anonymous_47)
FN:718,(anonymous_48)
FN:731,(anonymous_49)
FN:738,(anonymous_50)
FN:750,(anonymous_51)
FN:752,(anonymous_52)
FN:755,(anonymous_53)
FN:761,(anonymous_54)
FN:781,(anonymous_55)
FN:787,(anonymous_56)
FN:798,(anonymous_57)
FN:813,(anonymous_58)
FN:816,(anonymous_59)
FN:827,(anonymous_60)
FN:834,(anonymous_61)
FN:841,(anonymous_62)
FN:845,(anonymous_63)
FN:846,(anonymous_64)
FN:857,(anonymous_65)
FN:882,(anonymous_66)
FN:901,(anonymous_67)
FN:927,(anonymous_68)
FN:928,(anonymous_69)
FN:938,(anonymous_70)
FN:941,(anonymous_71)
FN:942,(anonymous_72)
FN:943,(anonymous_73)
FN:944,(anonymous_74)
FN:951,(anonymous_75)
FN:962,(anonymous_76)
FN:973,(anonymous_77)
FN:981,(anonymous_78)
FN:992,(anonymous_79)
FN:994,(anonymous_80)
FN:1002,(anonymous_81)
FN:1010,(anonymous_82)
FN:1021,(anonymous_83)
FN:1031,(anonymous_84)
FN:1038,(anonymous_85)
FN:1047,(anonymous_86)
FN:1052,(anonymous_87)
FN:1064,(anonymous_88)
FN:1065,(anonymous_89)
FN:1076,(anonymous_90)
FN:1080,(anonymous_91)
FN:1099,(anonymous_92)
FN:1134,(anonymous_93)
FN:1135,(anonymous_94)
FN:1139,(anonymous_95)
FN:1155,(anonymous_96)
FN:1167,(anonymous_97)
FN:1183,(anonymous_98)
FN:1199,(anonymous_99)
FN:1208,(anonymous_100)
FN:1221,(anonymous_101)
FN:1228,(anonymous_102)
FN:1235,(anonymous_103)
FN:1257,(anonymous_104)
FN:1284,(anonymous_105)
FN:1319,(anonymous_106)
FN:1320,(anonymous_107)
FN:1324,(anonymous_108)
FN:1338,(anonymous_109)
FN:1357,(anonymous_110)
FN:1386,(anonymous_111)
FN:1415,(anonymous_112)
FN:1422,(anonymous_113)
FN:1454,(anonymous_114)
FN:1455,(anonymous_115)
FN:1467,(anonymous_116)
FN:1478,(anonymous_117)
FN:1494,(anonymous_118)
FN:1497,(anonymous_119)
FN:1513,(anonymous_120)
FN:1533,(anonymous_121)
FN:1542,(anonymous_122)
FN:1553,(anonymous_123)
FN:1585,(anonymous_124)
FN:1591,(anonymous_125)
FN:1608,(anonymous_126)
FN:1614,(anonymous_127)
FN:1624,(anonymous_128)
FN:1627,(anonymous_129)
FN:1628,(anonymous_130)
FN:1639,(anonymous_131)
FN:1643,(anonymous_132)
FN:1644,(anonymous_133)
FN:1648,(anonymous_134)
FN:1654,(anonymous_135)
FN:1655,(anonymous_136)
FN:1686,(anonymous_137)
FN:1689,(anonymous_138)
FN:1695,(anonymous_139)
FN:1708,(anonymous_140)
FN:1718,(anonymous_141)
FN:1722,(anonymous_142)
FN:1736,(anonymous_143)
FN:1743,(anonymous_144)
FN:1759,(anonymous_145)
FN:1762,(anonymous_146)
FN:1773,(anonymous_147)
FN:1780,(anonymous_148)
FN:1793,(anonymous_149)
FN:1804,(anonymous_150)
FN:1809,(anonymous_151)
FN:1813,(anonymous_152)
FN:1817,(anonymous_153)
FNF:153
FNH:0
FNDA:0,getIconSet
FNDA:0,getOptions
FNDA:0,(anonymous_3)
FNDA:0,(anonymous_4)
FNDA:0,(anonymous_5)
FNDA:0,(anonymous_6)
FNDA:0,(anonymous_7)
FNDA:0,(anonymous_8)
FNDA:0,(anonymous_9)
FNDA:0,(anonymous_10)
FNDA:0,(anonymous_11)
FNDA:0,(anonymous_12)
FNDA:0,(anonymous_13)
FNDA:0,(anonymous_14)
FNDA:0,(anonymous_15)
FNDA:0,(anonymous_16)
FNDA:0,(anonymous_17)
FNDA:0,(anonymous_18)
FNDA:0,(anonymous_19)
FNDA:0,(anonymous_20)
FNDA:0,(anonymous_21)
FNDA:0,(anonymous_22)
FNDA:0,(anonymous_23)
FNDA:0,(anonymous_24)
FNDA:0,(anonymous_25)
FNDA:0,(anonymous_26)
FNDA:0,(anonymous_27)
FNDA:0,(anonymous_28)
FNDA:0,(anonymous_29)
FNDA:0,(anonymous_30)
FNDA:0,(anonymous_31)
FNDA:0,(anonymous_32)
FNDA:0,(anonymous_33)
FNDA:0,(anonymous_34)
FNDA:0,(anonymous_35)
FNDA:0,(anonymous_36)
FNDA:0,(anonymous_37)
FNDA:0,(anonymous_38)
FNDA:0,(anonymous_39)
FNDA:0,(anonymous_40)
FNDA:0,(anonymous_41)
FNDA:0,(anonymous_42)
FNDA:0,(anonymous_43)
FNDA:0,(anonymous_44)
FNDA:0,(anonymous_45)
FNDA:0,(anonymous_46)
FNDA:0,(anonymous_47)
FNDA:0,(anonymous_48)
FNDA:0,(anonymous_49)
FNDA:0,(anonymous_50)
FNDA:0,(anonymous_51)
FNDA:0,(anonymous_52)
FNDA:0,(anonymous_53)
FNDA:0,(anonymous_54)
FNDA:0,(anonymous_55)
FNDA:0,(anonymous_56)
FNDA:0,(anonymous_57)
FNDA:0,(anonymous_58)
FNDA:0,(anonymous_59)
FNDA:0,(anonymous_60)
FNDA:0,(anonymous_61)
FNDA:0,(anonymous_62)
FNDA:0,(anonymous_63)
FNDA:0,(anonymous_64)
FNDA:0,(anonymous_65)
FNDA:0,(anonymous_66)
FNDA:0,(anonymous_67)
FNDA:0,(anonymous_68)
FNDA:0,(anonymous_69)
FNDA:0,(anonymous_70)
FNDA:0,(anonymous_71)
FNDA:0,(anonymous_72)
FNDA:0,(anonymous_73)
FNDA:0,(anonymous_74)
FNDA:0,(anonymous_75)
FNDA:0,(anonymous_76)
FNDA:0,(anonymous_77)
FNDA:0,(anonymous_78)
FNDA:0,(anonymous_79)
FNDA:0,(anonymous_80)
FNDA:0,(anonymous_81)
FNDA:0,(anonymous_82)
FNDA:0,(anonymous_83)
FNDA:0,(anonymous_84)
FNDA:0,(anonymous_85)
FNDA:0,(anonymous_86)
FNDA:0,(anonymous_87)
FNDA:0,(anonymous_88)
FNDA:0,(anonymous_89)
FNDA:0,(anonymous_90)
FNDA:0,(anonymous_91)
FNDA:0,(anonymous_92)
FNDA:0,(anonymous_93)
FNDA:0,(anonymous_94)
FNDA:0,(anonymous_95)
FNDA:0,(anonymous_96)
FNDA:0,(anonymous_97)
FNDA:0,(anonymous_98)
FNDA:0,(anonymous_99)
FNDA:0,(anonymous_100)
FNDA:0,(anonymous_101)
FNDA:0,(anonymous_102)
FNDA:0,(anonymous_103)
FNDA:0,(anonymous_104)
FNDA:0,(anonymous_105)
FNDA:0,(anonymous_106)
FNDA:0,(anonymous_107)
FNDA:0,(anonymous_108)
FNDA:0,(anonymous_109)
FNDA:0,(anonymous_110)
FNDA:0,(anonymous_111)
FNDA:0,(anonymous_112)
FNDA:0,(anonymous_113)
FNDA:0,(anonymous_114)
FNDA:0,(anonymous_115)
FNDA:0,(anonymous_116)
FNDA:0,(anonymous_117)
FNDA:0,(anonymous_118)
FNDA:0,(anonymous_119)
FNDA:0,(anonymous_120)
FNDA:0,(anonymous_121)
FNDA:0,(anonymous_122)
FNDA:0,(anonymous_123)
FNDA:0,(anonymous_124)
FNDA:0,(anonymous_125)
FNDA:0,(anonymous_126)
FNDA:0,(anonymous_127)
FNDA:0,(anonymous_128)
FNDA:0,(anonymous_129)
FNDA:0,(anonymous_130)
FNDA:0,(anonymous_131)
FNDA:0,(anonymous_132)
FNDA:0,(anonymous_133)
FNDA:0,(anonymous_134)
FNDA:0,(anonymous_135)
FNDA:0,(anonymous_136)
FNDA:0,(anonymous_137)
FNDA:0,(anonymous_138)
FNDA:0,(anonymous_139)
FNDA:0,(anonymous_140)
FNDA:0,(anonymous_141)
FNDA:0,(anonymous_142)
FNDA:0,(anonymous_143)
FNDA:0,(anonymous_144)
FNDA:0,(anonymous_145)
FNDA:0,(anonymous_146)
FNDA:0,(anonymous_147)
FNDA:0,(anonymous_148)
FNDA:0,(anonymous_149)
FNDA:0,(anonymous_150)
FNDA:0,(anonymous_151)
FNDA:0,(anonymous_152)
FNDA:0,(anonymous_153)
DA:1,1
DA:2,1
DA:3,1
DA:4,1
DA:5,1
DA:6,1
DA:7,1
DA:8,1
DA:9,1
DA:20,1
DA:21,1
DA:23,1
DA:26,1
DA:29,1
DA:37,0
DA:38,0
DA:40,0
DA:49,0
DA:59,0
DA:60,0
DA:62,0
DA:69,1
DA:77,0
DA:78,0
DA:79,0
DA:81,0
DA:83,0
DA:85,0
DA:88,0
DA:91,0
DA:92,0
DA:99,0
DA:100,0
DA:101,0
DA:102,0
DA:103,0
DA:104,0
DA:105,0
DA:106,0
DA:108,0
DA:115,0
DA:121,0
DA:127,0
DA:133,0
DA:139,0
DA:145,0
DA:151,0
DA:157,0
DA:170,0
DA:175,0
DA:181,0
DA:195,0
DA:200,0
DA:206,0
DA:209,0
DA:212,0
DA:215,0
DA:216,0
DA:217,0
DA:218,0
DA:220,0
DA:221,0
DA:223,0
DA:224,0
DA:230,0
DA:233,0
DA:234,0
DA:236,0
DA:240,0
DA:244,0
DA:248,0
DA:256,0
DA:257,0
DA:259,0
DA:260,0
DA:261,0
DA:263,0
DA:264,0
DA:265,0
DA:267,0
DA:268,0
DA:273,0
DA:277,0
DA:283,0
DA:286,0
DA:296,0
DA:297,0
DA:298,0
DA:299,0
DA:300,0
DA:306,0
DA:307,0
DA:310,0
DA:311,0
DA:320,0
DA:323,0
DA:324,0
DA:325,0
DA:326,0
DA:329,0
DA:330,0
DA:331,0
DA:333,0
DA:334,0
DA:335,0
DA:336,0
DA:337,0
DA:338,0
DA:341,0
DA:342,0
DA:343,0
DA:346,0
DA:347,0
DA:348,0
DA:354,0
DA:355,0
DA:358,0
DA:360,0
DA:362,0
DA:363,0
DA:366,0
DA:371,0
DA:380,0
DA:381,0
DA:384,0
DA:395,0
DA:403,0
DA:404,0
DA:405,0
DA:408,0
DA:409,0
DA:411,0
DA:413,0
DA:415,0
DA:425,0
DA:426,0
DA:427,0
DA:430,0
DA:431,0
DA:432,0
DA:435,0
DA:436,0
DA:439,0
DA:454,0
DA:462,0
DA:472,0
DA:473,0
DA:475,0
DA:476,0
DA:477,0
DA:479,0
DA:481,0
DA:483,0
DA:491,0
DA:499,0
DA:500,0
DA:501,0
DA:511,0
DA:519,0
DA:520,0
DA:521,0
DA:522,0
DA:525,0
DA:528,0
DA:531,0
DA:532,0
DA:533,0
DA:534,0
DA:536,0
DA:579,0
DA:580,0
DA:582,0
DA:583,0
DA:584,0
DA:588,0
DA:590,0
DA:591,0
DA:594,0
DA:596,0
DA:597,0
DA:601,0
DA:602,0
DA:605,0
DA:606,0
DA:610,0
DA:611,0
DA:615,0
DA:616,0
DA:617,0
DA:625,0
DA:626,0
DA:627,0
DA:628,0
DA:629,0
DA:631,0
DA:634,0
DA:636,0
DA:637,0
DA:640,0
DA:641,0
DA:646,0
DA:647,0
DA:648,0
DA:649,0
DA:651,0
DA:652,0
DA:653,0
DA:656,0
DA:657,0
DA:658,0
DA:661,0
DA:670,0
DA:671,0
DA:675,0
DA:684,0
DA:692,0
DA:709,0
DA:719,0
DA:720,0
DA:721,0
DA:722,0
DA:732,0
DA:736,0
DA:739,0
DA:740,0
DA:745,0
DA:746,0
DA:747,0
DA:748,0
DA:750,0
DA:752,0
DA:756,0
DA:757,0
DA:758,0
DA:762,0
DA:763,0
DA:765,0
DA:766,0
DA:767,0
DA:769,0
DA:770,0
DA:771,0
DA:773,0
DA:774,0
DA:776,0
DA:777,0
DA:778,0
DA:779,0
DA:783,0
DA:784,0
DA:785,0
DA:788,0
DA:789,0
DA:799,0
DA:800,0
DA:801,0
DA:802,0
DA:804,0
DA:805,0
DA:814,0
DA:815,0
DA:816,0
DA:817,0
DA:818,0
DA:819,0
DA:823,0
DA:824,0
DA:825,0
DA:828,0
DA:829,0
DA:830,0
DA:835,0
DA:840,0
DA:841,0
DA:842,0
DA:846,0
DA:847,0
DA:852,0
DA:858,0
DA:859,0
DA:864,0
DA:865,0
DA:868,0
DA:869,0
DA:872,0
DA:873,0
DA:874,0
DA:877,0
DA:878,0
DA:879,0
DA:883,0
DA:884,0
DA:886,0
DA:887,0
DA:889,0
DA:890,0
DA:892,0
DA:893,0
DA:894,0
DA:902,0
DA:903,0
DA:904,0
DA:905,0
DA:907,0
DA:911,0
DA:912,0
DA:913,0
DA:916,0
DA:917,0
DA:919,0
DA:921,0
DA:922,0
DA:924,0
DA:925,0
DA:928,0
DA:929,0
DA:930,0
DA:936,0
DA:938,0
DA:941,0
DA:942,0
DA:943,0
DA:944,0
DA:946,0
DA:948,0
DA:954,0
DA:959,0
DA:962,0
DA:963,0
DA:974,0
DA:975,0
DA:976,0
DA:977,0
DA:978,0
DA:982,0
DA:983,0
DA:984,0
DA:985,0
DA:986,0
DA:987,0
DA:989,0
DA:993,0
DA:994,0
DA:995,0
DA:996,0
DA:999,0
DA:1003,0
DA:1004,0
DA:1005,0
DA:1007,0
DA:1011,0
DA:1023,0
DA:1024,0
DA:1026,0
DA:1027,0
DA:1028,0
DA:1032,0
DA:1033,0
DA:1034,0
DA:1035,0
DA:1036,0
DA:1037,0
DA:1038,0
DA:1039,0
DA:1041,0
DA:1048,0
DA:1050,0
DA:1053,0
DA:1054,0
DA:1055,0
DA:1061,0
DA:1065,0
DA:1066,0
DA:1067,0
DA:1077,0
DA:1078,0
DA:1079,0
DA:1080,0
DA:1081,0
DA:1082,0
DA:1085,0
DA:1086,0
DA:1088,0
DA:1090,0
DA:1091,0
DA:1092,0
DA:1094,0
DA:1096,0
DA:1097,0
DA:1098,0
DA:1099,0
DA:1100,0
DA:1101,0
DA:1104,0
DA:1105,0
DA:1110,0
DA:1111,0
DA:1116,0
DA:1122,0
DA:1127,0
DA:1128,0
DA:1131,0
DA:1133,0
DA:1134,0
DA:1135,0
DA:1136,0
DA:1137,0
DA:1139,0
DA:1140,0
DA:1141,0
DA:1142,0
DA:1143,0
DA:1148,0
DA:1156,0
DA:1157,0
DA:1158,0
DA:1159,0
DA:1168,0
DA:1184,0
DA:1185,0
DA:1186,0
DA:1191,0
DA:1196,0
DA:1199,0
DA:1201,0
DA:1202,0
DA:1203,0
DA:1207,0
DA:1208,0
DA:1209,0
DA:1210,0
DA:1211,0
DA:1213,0
DA:1217,0
DA:1218,0
DA:1219,0
DA:1220,0
DA:1221,0
DA:1222,0
DA:1226,0
DA:1227,0
DA:1228,0
DA:1229,0
DA:1235,0
DA:1236,0
DA:1237,0
DA:1239,0
DA:1246,0
DA:1247,0
DA:1248,0
DA:1251,0
DA:1257,0
DA:1259,0
DA:1262,0
DA:1266,0
DA:1268,0
DA:1269,0
DA:1271,0
DA:1272,0
DA:1275,0
DA:1285,0
DA:1286,0
DA:1287,0
DA:1289,0
DA:1294,0
DA:1296,0
DA:1297,0
DA:1300,0
DA:1301,0
DA:1304,0
DA:1305,0
DA:1306,0
DA:1307,0
DA:1308,0
DA:1309,0
DA:1310,0
DA:1311,0
DA:1312,0
DA:1316,0
DA:1317,0
DA:1319,0
DA:1320,0
DA:1321,0
DA:1322,0
DA:1324,0
DA:1325,0
DA:1331,0
DA:1332,0
DA:1333,0
DA:1335,0
DA:1339,0
DA:1340,0
DA:1341,0
DA:1344,0
DA:1345,0
DA:1349,0
DA:1358,0
DA:1360,0
DA:1361,0
DA:1362,0
DA:1365,0
DA:1366,0
DA:1367,0
DA:1370,0
DA:1372,0
DA:1373,0
DA:1376,0
DA:1387,0
DA:1388,0
DA:1389,0
DA:1390,0
DA:1392,0
DA:1394,0
DA:1395,0
DA:1396,0
DA:1398,0
DA:1399,0
DA:1402,0
DA:1404,0
DA:1407,0
DA:1415,0
DA:1417,0
DA:1418,0
DA:1420,0
DA:1422,0
DA:1424,0
DA:1425,0
DA:1426,0
DA:1429,0
DA:1434,0
DA:1435,0
DA:1438,0
DA:1439,0
DA:1440,0
DA:1444,0
DA:1445,0
DA:1446,0
DA:1455,0
DA:1456,0
DA:1457,0
DA:1468,0
DA:1469,0
DA:1470,0
DA:1471,0
DA:1473,0
DA:1474,0
DA:1480,0
DA:1481,0
DA:1495,0
DA:1497,0
DA:1499,0
DA:1500,0
DA:1506,0
DA:1508,0
DA:1510,0
DA:1512,0
DA:1513,0
DA:1514,0
DA:1515,0
DA:1518,0
DA:1520,0
DA:1521,0
DA:1522,0
DA:1523,0
DA:1525,0
DA:1531,0
DA:1533,0
DA:1535,0
DA:1539,0
DA:1542,0
DA:1543,0
DA:1544,0
DA:1547,0
DA:1548,0
DA:1549,0
DA:1553,0
DA:1554,0
DA:1556,0
DA:1557,0
DA:1563,0
DA:1568,0
DA:1571,0
DA:1574,0
DA:1576,0
DA:1579,0
DA:1586,0
DA:1592,0
DA:1594,0
DA:1598,0
DA:1599,0
DA:1600,0
DA:1606,0
DA:1607,0
DA:1609,0
DA:1615,0
DA:1617,0
DA:1625,0
DA:1626,0
DA:1627,0
DA:1629,0
DA:1630,0
DA:1632,0
DA:1633,0
DA:1640,0
DA:1641,0
DA:1642,0
DA:1643,0
DA:1645,0
DA:1646,0
DA:1649,0
DA:1650,0
DA:1655,0
DA:1656,0
DA:1657,0
DA:1658,0
DA:1660,0
DA:1661,0
DA:1665,0
DA:1687,0
DA:1688,0
DA:1689,0
DA:1691,0
DA:1696,0
DA:1697,0
DA:1700,0
DA:1701,0
DA:1702,0
DA:1707,0
DA:1708,0
DA:1709,0
DA:1710,0
DA:1714,0
DA:1715,0
DA:1719,0
DA:1720,0
DA:1723,0
DA:1724,0
DA:1725,0
DA:1726,0
DA:1727,0
DA:1730,0
DA:1731,0
DA:1732,0
DA:1737,0
DA:1738,0
DA:1740,0
DA:1741,0
DA:1744,0
DA:1745,0
DA:1751,0
DA:1752,0
DA:1753,0
DA:1755,0
DA:1762,0
DA:1763,0
DA:1767,0
DA:1770,0
DA:1771,0
DA:1772,0
DA:1774,0
DA:1775,0
DA:1776,0
DA:1777,0
DA:1779,0
DA:1780,0
DA:1781,0
DA:1782,0
DA:1784,0
DA:1786,0
DA:1787,0
DA:1789,0
DA:1790,0
DA:1794,0
DA:1795,0
DA:1798,0
DA:1801,0
DA:1805,0
DA:1806,0
DA:1810,0
DA:1814,0
DA:1818,0
DA:1822,1
DA:1823,1
DA:1824,1
LF:684
LH:18
BRDA:20,0,0,1
BRDA:20,1,0,1
BRDA:20,1,1,1
BRDA:37,2,0,0
BRDA:40,3,0,0
BRDA:40,3,1,0
BRDA:51,4,0,0
BRDA:51,4,1,0
BRDA:51,5,0,0
BRDA:51,5,1,0
BRDA:59,6,0,0
BRDA:75,7,0,0
BRDA:77,8,0,0
BRDA:77,8,1,0
BRDA:77,9,0,0
BRDA:77,9,1,0
BRDA:79,10,0,0
BRDA:79,10,1,0
BRDA:81,11,0,0
BRDA:81,11,1,0
BRDA:325,12,0,0
BRDA:329,13,0,0
BRDA:329,13,1,0
BRDA:333,14,0,0
BRDA:333,14,1,0
BRDA:333,15,0,0
BRDA:333,15,1,0
BRDA:335,16,0,0
BRDA:335,16,1,0
BRDA:337,17,0,0
BRDA:342,18,0,0
BRDA:342,19,0,0
BRDA:342,19,1,0
BRDA:346,20,0,0
BRDA:91,21,0,0
BRDA:105,22,0,0
BRDA:105,22,1,0
BRDA:215,23,0,0
BRDA:216,24,0,0
BRDA:216,24,1,0
BRDA:223,25,0,0
BRDA:223,26,0,0
BRDA:223,26,1,0
BRDA:256,27,0,0
BRDA:260,28,0,0
BRDA:264,29,0,0
BRDA:286,30,0,0
BRDA:286,30,1,0
BRDA:295,31,0,0
BRDA:296,32,0,0
BRDA:299,33,0,0
BRDA:306,34,0,0
BRDA:310,35,0,0
BRDA:354,36,0,0
BRDA:354,37,0,0
BRDA:354,37,1,0
BRDA:360,38,0,0
BRDA:360,38,1,0
BRDA:360,39,0,0
BRDA:360,39,1,0
BRDA:362,40,0,0
BRDA:380,41,0,0
BRDA:380,42,0,0
BRDA:380,42,1,0
BRDA:404,43,0,0
BRDA:404,43,1,0
BRDA:425,44,0,0
BRDA:472,45,0,0
BRDA:472,46,0,0
BRDA:472,46,1,0
BRDA:472,46,2,0
BRDA:479,47,0,0
BRDA:501,48,0,0
BRDA:501,48,1,0
BRDA:519,49,0,0
BRDA:521,50,0,0
BRDA:521,51,0,0
BRDA:521,51,1,0
BRDA:531,52,0,0
BRDA:533,53,0,0
BRDA:533,53,1,0
BRDA:578,54,0,0
BRDA:579,55,0,0
BRDA:579,55,1,0
BRDA:579,56,0,0
BRDA:579,56,1,0
BRDA:579,57,0,0
BRDA:579,57,1,0
BRDA:582,58,0,0
BRDA:582,59,0,0
BRDA:582,59,1,0
BRDA:588,60,0,0
BRDA:588,60,1,0
BRDA:588,61,0,0
BRDA:588,61,1,0
BRDA:588,62,0,0
BRDA:588,62,1,0
BRDA:590,63,0,0
BRDA:601,64,0,0
BRDA:601,65,0,0
BRDA:601,65,1,0
BRDA:601,65,2,0
BRDA:605,66,0,0
BRDA:605,67,0,0
BRDA:605,67,1,0
BRDA:610,68,0,0
BRDA:610,69,0,0
BRDA:610,69,1,0
BRDA:612,70,0,0
BRDA:612,70,1,0
BRDA:615,71,0,0
BRDA:615,72,0,0
BRDA:615,72,1,0
BRDA:625,73,0,0
BRDA:625,74,0,0
BRDA:625,74,1,0
BRDA:627,75,0,0
BRDA:627,75,1,0
BRDA:636,76,0,0
BRDA:640,77,0,0
BRDA:640,78,0,0
BRDA:640,78,1,0
BRDA:647,79,0,0
BRDA:647,79,1,0
BRDA:652,80,0,0
BRDA:670,81,0,0
BRDA:718,82,0,0
BRDA:720,83,0,0
BRDA:720,83,1,0
BRDA:720,84,0,0
BRDA:720,84,1,0
BRDA:731,85,0,0
BRDA:734,86,0,0
BRDA:734,86,1,0
BRDA:739,87,0,0
BRDA:756,88,0,0
BRDA:756,88,1,0
BRDA:758,89,0,0
BRDA:758,89,1,0
BRDA:758,90,0,0
BRDA:758,90,1,0
BRDA:762,91,0,0
BRDA:762,92,0,0
BRDA:762,92,1,0
BRDA:762,93,0,0
BRDA:762,93,1,0
BRDA:762,94,0,0
BRDA:762,94,1,0
BRDA:765,95,0,0
BRDA:769,96,0,0
BRDA:776,97,0,0
BRDA:776,98,0,0
BRDA:776,98,1,0
BRDA:799,99,0,0
BRDA:799,99,1,0
BRDA:800,100,0,0
BRDA:814,101,0,0
BRDA:814,102,0,0
BRDA:814,102,1,0
BRDA:847,103,0,0
BRDA:848,104,0,0
BRDA:848,104,1,0
BRDA:848,104,2,0
BRDA:857,105,0,0
BRDA:858,106,0,0
BRDA:858,107,0,0
BRDA:858,107,1,0
BRDA:864,108,0,0
BRDA:864,108,1,0
BRDA:868,109,0,0
BRDA:868,110,0,0
BRDA:868,110,1,0
BRDA:868,110,2,0
BRDA:873,111,0,0
BRDA:883,112,0,0
BRDA:886,113,0,0
BRDA:889,114,0,0
BRDA:902,115,0,0
BRDA:902,115,1,0
BRDA:907,116,0,0
BRDA:907,116,1,0
BRDA:911,117,0,0
BRDA:911,118,0,0
BRDA:911,118,1,0
BRDA:916,119,0,0
BRDA:916,119,1,0
BRDA:917,120,0,0
BRDA:917,120,1,0
BRDA:930,121,0,0
BRDA:930,121,1,0
BRDA:930,121,2,0
BRDA:954,122,0,0
BRDA:955,123,0,0
BRDA:955,123,1,0
BRDA:955,123,2,0
BRDA:955,123,3,0
BRDA:955,123,4,0
BRDA:955,123,5,0
BRDA:981,124,0,0
BRDA:993,125,0,0
BRDA:993,126,0,0
BRDA:993,126,1,0
BRDA:995,127,0,0
BRDA:995,127,1,0
BRDA:1004,128,0,0
BRDA:1016,129,0,0
BRDA:1016,129,1,0
BRDA:1023,130,0,0
BRDA:1053,131,0,0
BRDA:1077,132,0,0
BRDA:1077,133,0,0
BRDA:1077,133,1,0
BRDA:1078,134,0,0
BRDA:1079,135,0,0
BRDA:1079,136,0,0
BRDA:1079,136,1,0
BRDA:1090,137,0,0
BRDA:1091,138,0,0
BRDA:1096,139,0,0
BRDA:1098,140,0,0
BRDA:1098,141,0,0
BRDA:1098,141,1,0
BRDA:1110,142,0,0
BRDA:1112,143,0,0
BRDA:1112,143,1,0
BRDA:1112,143,2,0
BRDA:1117,144,0,0
BRDA:1117,144,1,0
BRDA:1127,145,0,0
BRDA:1133,146,0,0
BRDA:1133,147,0,0
BRDA:1133,147,1,0
BRDA:1140,148,0,0
BRDA:1156,149,0,0
BRDA:1158,150,0,0
BRDA:1168,151,0,0
BRDA:1168,151,1,0
BRDA:1168,152,0,0
BRDA:1168,152,1,0
BRDA:1168,153,0,0
BRDA:1168,153,1,0
BRDA:1185,154,0,0
BRDA:1191,155,0,0
BRDA:1192,156,0,0
BRDA:1192,156,1,0
BRDA:1201,157,0,0
BRDA:1209,158,0,0
BRDA:1209,158,1,0
BRDA:1209,158,2,0
BRDA:1209,159,0,0
BRDA:1209,159,1,0
BRDA:1209,160,0,0
BRDA:1209,160,1,0
BRDA:1209,161,0,0
BRDA:1209,161,1,0
BRDA:1209,162,0,0
BRDA:1209,162,1,0
BRDA:1210,163,0,0
BRDA:1220,164,0,0
BRDA:1227,165,0,0
BRDA:1231,166,0,0
BRDA:1231,166,1,0
BRDA:1231,167,0,0
BRDA:1231,167,1,0
BRDA:1232,168,0,0
BRDA:1232,168,1,0
BRDA:1232,169,0,0
BRDA:1232,169,1,0
BRDA:1237,170,0,0
BRDA:1237,170,1,0
BRDA:1237,170,2,0
BRDA:1239,171,0,0
BRDA:1239,171,1,0
BRDA:1239,171,2,0
BRDA:1239,171,3,0
BRDA:1239,171,4,0
BRDA:1239,171,5,0
BRDA:1239,171,6,0
BRDA:1239,171,7,0
BRDA:1239,171,8,0
BRDA:1239,172,0,0
BRDA:1239,172,1,0
BRDA:1239,173,0,0
BRDA:1239,173,1,0
BRDA:1240,174,0,0
BRDA:1240,174,1,0
BRDA:1240,175,0,0
BRDA:1240,175,1,0
BRDA:1241,176,0,0
BRDA:1241,176,1,0
BRDA:1241,177,0,0
BRDA:1241,177,1,0
BRDA:1241,178,0,0
BRDA:1241,178,1,0
BRDA:1241,179,0,0
BRDA:1241,179,1,0
BRDA:1242,180,0,0
BRDA:1242,180,1,0
BRDA:1242,181,0,0
BRDA:1242,181,1,0
BRDA:1242,182,0,0
BRDA:1242,182,1,0
BRDA:1242,183,0,0
BRDA:1242,183,1,0
BRDA:1246,184,0,0
BRDA:1246,184,1,0
BRDA:1247,185,0,0
BRDA:1247,186,0,0
BRDA:1247,186,1,0
BRDA:1259,187,0,0
BRDA:1259,187,1,0
BRDA:1259,188,0,0
BRDA:1259,188,1,0
BRDA:1259,188,2,0
BRDA:1259,189,0,0
BRDA:1259,189,1,0
BRDA:1259,190,0,0
BRDA:1259,190,1,0
BRDA:1259,191,0,0
BRDA:1259,191,1,0
BRDA:1259,192,0,0
BRDA:1259,192,1,0
BRDA:1261,193,0,0
BRDA:1261,193,1,0
BRDA:1261,194,0,0
BRDA:1261,194,1,0
BRDA:1268,195,0,0
BRDA:1268,196,0,0
BRDA:1268,196,1,0
BRDA:1268,197,0,0
BRDA:1268,197,1,0
BRDA:1268,198,0,0
BRDA:1268,198,1,0
BRDA:1269,199,0,0
BRDA:1269,199,1,0
BRDA:1269,200,0,0
BRDA:1269,200,1,0
BRDA:1271,201,0,0
BRDA:1296,202,0,0
BRDA:1296,203,0,0
BRDA:1296,203,1,0
BRDA:1296,204,0,0
BRDA:1296,204,1,0
BRDA:1296,205,0,0
BRDA:1296,205,1,0
BRDA:1300,206,0,0
BRDA:1300,207,0,0
BRDA:1300,207,1,0
BRDA:1301,208,0,0
BRDA:1301,208,1,0
BRDA:1305,209,0,0
BRDA:1332,210,0,0
BRDA:1339,211,0,0
BRDA:1340,212,0,0
BRDA:1340,213,0,0
BRDA:1340,213,1,0
BRDA:1344,214,0,0
BRDA:1362,215,0,0
BRDA:1362,215,1,0
BRDA:1365,216,0,0
BRDA:1365,217,0,0
BRDA:1365,217,1,0
BRDA:1372,218,0,0
BRDA:1372,219,0,0
BRDA:1372,219,1,0
BRDA:1387,220,0,0
BRDA:1387,220,1,0
BRDA:1389,221,0,0
BRDA:1389,221,1,0
BRDA:1389,222,0,0
BRDA:1389,222,1,0
BRDA:1389,223,0,0
BRDA:1389,223,1,0
BRDA:1398,224,0,0
BRDA:1398,225,0,0
BRDA:1398,225,1,0
BRDA:1404,226,0,0
BRDA:1404,226,1,0
BRDA:1404,226,2,0
BRDA:1404,226,3,0
BRDA:1404,226,4,0
BRDA:1404,226,5,0
BRDA:1407,227,0,0
BRDA:1407,227,1,0
BRDA:1412,228,0,0
BRDA:1412,228,1,0
BRDA:1412,229,0,0
BRDA:1412,229,1,0
BRDA:1415,230,0,0
BRDA:1415,230,1,0
BRDA:1418,231,0,0
BRDA:1421,232,0,0
BRDA:1421,232,1,0
BRDA:1422,233,0,0
BRDA:1422,233,1,0
BRDA:1424,234,0,0
BRDA:1424,234,1,0
BRDA:1425,235,0,0
BRDA:1429,236,0,0
BRDA:1429,236,1,0
BRDA:1434,237,0,0
BRDA:1434,238,0,0
BRDA:1434,238,1,0
BRDA:1438,239,0,0
BRDA:1438,240,0,0
BRDA:1438,240,1,0
BRDA:1444,241,0,0
BRDA:1444,242,0,0
BRDA:1444,242,1,0
BRDA:1469,243,0,0
BRDA:1469,243,1,0
BRDA:1469,244,0,0
BRDA:1469,244,1,0
BRDA:1469,244,2,0
BRDA:1480,245,0,0
BRDA:1480,245,1,0
BRDA:1490,246,0,0
BRDA:1490,246,1,0
BRDA:1490,246,2,0
BRDA:1490,247,0,0
BRDA:1490,247,1,0
BRDA:1490,248,0,0
BRDA:1490,248,1,0
BRDA:1490,249,0,0
BRDA:1490,249,1,0
BRDA:1490,250,0,0
BRDA:1490,250,1,0
BRDA:1494,251,0,0
BRDA:1494,252,0,0
BRDA:1499,253,0,0
BRDA:1506,254,0,0
BRDA:1506,254,1,0
BRDA:1510,255,0,0
BRDA:1510,255,1,0
BRDA:1510,255,2,0
BRDA:1514,256,0,0
BRDA:1518,257,0,0
BRDA:1518,257,1,0
BRDA:1518,258,0,0
BRDA:1518,258,1,0
BRDA:1521,259,0,0
BRDA:1521,260,0,0
BRDA:1521,260,1,0
BRDA:1522,261,0,0
BRDA:1531,262,0,0
BRDA:1532,263,0,0
BRDA:1532,263,1,0
BRDA:1533,264,0,0
BRDA:1533,264,1,0
BRDA:1533,265,0,0
BRDA:1533,265,1,0
BRDA:1543,266,0,0
BRDA:1543,267,0,0
BRDA:1543,267,1,0
BRDA:1543,267,2,0
BRDA:1544,268,0,0
BRDA:1544,268,1,0
BRDA:1544,269,0,0
BRDA:1544,269,1,0
BRDA:1544,270,0,0
BRDA:1544,270,1,0
BRDA:1548,271,0,0
BRDA:1549,272,0,0
BRDA:1549,272,1,0
BRDA:1549,273,0,0
BRDA:1549,273,1,0
BRDA:1549,274,0,0
BRDA:1549,274,1,0
BRDA:1554,275,0,0
BRDA:1556,276,0,0
BRDA:1563,277,0,0
BRDA:1563,277,1,0
BRDA:1574,278,0,0
BRDA:1574,279,0,0
BRDA:1574,279,1,0
BRDA:1576,280,0,0
BRDA:1576,280,1,0
BRDA:1576,281,0,0
BRDA:1576,281,1,0
BRDA:1583,282,0,0
BRDA:1583,282,1,0
BRDA:1599,283,0,0
BRDA:1599,284,0,0
BRDA:1599,284,1,0
BRDA:1606,285,0,0
BRDA:1606,285,1,0
BRDA:1625,286,0,0
BRDA:1625,286,1,0
BRDA:1627,287,0,0
BRDA:1627,287,1,0
BRDA:1632,288,0,0
BRDA:1655,289,0,0
BRDA:1655,289,1,0
BRDA:1655,290,0,0
BRDA:1655,290,1,0
BRDA:1656,291,0,0
BRDA:1660,292,0,0
BRDA:1686,293,0,0
BRDA:1686,294,0,0
BRDA:1688,295,0,0
BRDA:1688,295,1,0
BRDA:1696,296,0,0
BRDA:1700,297,0,0
BRDA:1700,297,1,0
BRDA:1707,298,0,0
BRDA:1707,299,0,0
BRDA:1707,299,1,0
BRDA:1709,300,0,0
BRDA:1709,301,0,0
BRDA:1709,301,1,0
BRDA:1714,302,0,0
BRDA:1714,302,1,0
BRDA:1714,303,0,0
BRDA:1714,303,1,0
BRDA:1723,304,0,0
BRDA:1723,304,1,0
BRDA:1723,305,0,0
BRDA:1723,305,1,0
BRDA:1736,306,0,0
BRDA:1737,307,0,0
BRDA:1737,308,0,0
BRDA:1737,308,1,0
BRDA:1742,309,0,0
BRDA:1742,309,1,0
BRDA:1744,310,0,0
BRDA:1744,311,0,0
BRDA:1744,311,1,0
BRDA:1751,312,0,0
BRDA:1752,313,0,0
BRDA:1752,314,0,0
BRDA:1752,314,1,0
BRDA:1755,315,0,0
BRDA:1755,315,1,0
BRDA:1767,316,0,0
BRDA:1767,316,1,0
BRDA:1767,317,0,0
BRDA:1767,317,1,0
BRDA:1767,318,0,0
BRDA:1767,318,1,0
BRDA:1770,319,0,0
BRDA:1770,319,1,0
BRDA:1776,320,0,0
BRDA:1781,321,0,0
BRDA:1810,322,0,0
BRDA:1810,322,1,0
BRDA:1814,323,0,0
BRDA:1814,323,1,0
BRDA:1814,324,0,0
BRDA:1814,324,1,0
BRDA:1814,325,0,0
BRDA:1814,325,1,0
BRDA:1814,326,0,0
BRDA:1814,326,1,0
BRDA:1818,327,0,0
BRDA:1818,327,1,0
BRDA:1818,328,0,0
BRDA:1818,328,1,0
BRDA:1818,329,0,0
BRDA:1818,329,1,0
BRDA:1818,330,0,0
BRDA:1818,330,1,0
BRF:561
BRH:3
end_of_record
TN:
SF:src\WebformBuilder.js
FN:28,(anonymous_1)
FN:1968,(anonymous_2)
FN:57,(anonymous_3)
FN:73,(anonymous_4)
FN:76,(anonymous_5)
FN:85,(anonymous_6)
FN:86,(anonymous_7)
FN:88,(anonymous_8)
FN:90,(anonymous_9)
FN:96,(anonymous_10)
FN:135,(anonymous_11)
FN:162,(anonymous_12)
FN:187,(anonymous_13)
FN:194,(anonymous_14)
FN:201,(anonymous_15)
FN:234,(anonymous_16)
FN:275,(anonymous_17)
FN:292,(anonymous_18)
FN:298,(anonymous_19)
FN:334,(anonymous_20)
FN:338,(anonymous_21)
FN:339,(anonymous_22)
FN:351,(anonymous_23)
FN:399,(anonymous_24)
FN:413,(anonymous_25)
FN:433,(anonymous_26)
FN:441,(anonymous_27)
FN:450,(anonymous_28)
FN:461,(anonymous_29)
FN:472,(anonymous_30)
FN:482,(anonymous_31)
FN:490,(anonymous_32)
FN:507,(anonymous_33)
FN:511,(anonymous_34)
FN:537,(anonymous_35)
FN:541,(anonymous_36)
FN:545,(anonymous_37)
FN:549,(anonymous_38)
FN:553,(anonymous_39)
FN:563,(anonymous_40)
FN:589,(anonymous_41)
FN:615,(anonymous_42)
FN:621,(anonymous_43)
FN:626,(anonymous_44)
FN:642,(anonymous_45)
FN:643,(anonymous_46)
FN:647,(anonymous_47)
FN:673,(anonymous_48)
FN:681,(anonymous_49)
FN:696,(anonymous_50)
FN:701,(anonymous_51)
FN:705,(anonymous_52)
FN:710,(anonymous_53)
FN:729,(anonymous_54)
FN:730,(anonymous_55)
FN:741,(anonymous_56)
FN:762,(anonymous_57)
FN:773,(anonymous_58)
FN:782,(anonymous_59)
FN:806,(anonymous_60)
FN:808,(anonymous_61)
FN:811,(anonymous_62)
FN:814,(anonymous_63)
FN:815,(anonymous_64)
FN:818,(anonymous_65)
FN:823,(anonymous_66)
FN:835,(anonymous_67)
FN:852,(anonymous_68)
FN:857,(anonymous_69)
FN:858,(anonymous_70)
FN:859,(anonymous_71)
FN:860,(anonymous_72)
FN:864,(anonymous_73)
FN:873,(anonymous_74)
FN:882,(anonymous_75)
FN:891,(anonymous_76)
FN:895,(anonymous_77)
FN:897,(anonymous_78)
FN:909,(anonymous_79)
FN:912,(anonymous_80)
FN:915,(anonymous_81)
FN:920,(anonymous_82)
FN:932,(anonymous_83)
FN:974,(anonymous_84)
FN:983,(anonymous_85)
FN:984,(anonymous_86)
FN:984,(anonymous_87)
FN:986,(anonymous_88)
FN:987,(anonymous_89)
FN:992,(anonymous_90)
FN:993,(anonymous_91)
FN:998,(anonymous_92)
FN:999,(anonymous_93)
FN:1007,(anonymous_94)
FN:1056,(anonymous_95)
FN:1078,(anonymous_96)
FN:1165,(anonymous_97)
FN:1196,(anonymous_98)
FN:1215,(anonymous_99)
FN:1242,(anonymous_100)
FN:1249,(anonymous_101)
FN:1255,(anonymous_102)
FN:1259,(anonymous_103)
FN:1276,(anonymous_104)
FN:1294,(anonymous_105)
FN:1307,(anonymous_106)
FN:1313,(anonymous_107)
FN:1321,(anonymous_108)
FN:1323,(anonymous_109)
FN:1332,(anonymous_110)
FN:1367,(anonymous_111)
FN:1422,(anonymous_112)
FN:1431,(anonymous_113)
FN:1432,(anonymous_114)
FN:1482,(anonymous_115)
FN:1487,(anonymous_116)
FN:1512,(anonymous_117)
FN:1521,(anonymous_118)
FN:1525,(anonymous_119)
FN:1545,(anonymous_120)
FN:1554,(anonymous_121)
FN:1574,(anonymous_122)
FN:1593,(anonymous_123)
FN:1620,(anonymous_124)
FN:1641,(anonymous_125)
FN:1645,(anonymous_126)
FN:1646,(anonymous_127)
FN:1658,(anonymous_128)
FN:1659,(anonymous_129)
FN:1673,(anonymous_130)
FN:1674,(anonymous_131)
FN:1692,(anonymous_132)
FN:1693,(anonymous_133)
FN:1717,(anonymous_134)
FN:1855,(anonymous_135)
FN:1889,(anonymous_136)
FN:1901,(anonymous_137)
FN:1928,(anonymous_138)
FN:1948,(anonymous_139)
FN:1955,(anonymous_140)
FN:1987,(anonymous_141)
FN:2037,(anonymous_142)
FN:2044,(anonymous_143)
FN:2069,(anonymous_144)
FN:2079,(anonymous_145)
FN:2092,(anonymous_146)
FN:2133,(anonymous_147)
FN:2137,(anonymous_148)
FN:2145,(anonymous_149)
FN:2158,(anonymous_150)
FN:2165,(anonymous_151)
FN:2171,(anonymous_152)
FN:2178,(anonymous_153)
FN:2188,(anonymous_154)
FN:2195,(anonymous_155)
FN:2199,(anonymous_156)
FNF:156
FNH:0
FNDA:0,(anonymous_1)
FNDA:0,(anonymous_2)
FNDA:0,(anonymous_3)
FNDA:0,(anonymous_4)
FNDA:0,(anonymous_5)
FNDA:0,(anonymous_6)
FNDA:0,(anonymous_7)
FNDA:0,(anonymous_8)
FNDA:0,(anonymous_9)
FNDA:0,(anonymous_10)
FNDA:0,(anonymous_11)
FNDA:0,(anonymous_12)
FNDA:0,(anonymous_13)
FNDA:0,(anonymous_14)
FNDA:0,(anonymous_15)
FNDA:0,(anonymous_16)
FNDA:0,(anonymous_17)
FNDA:0,(anonymous_18)
FNDA:0,(anonymous_19)
FNDA:0,(anonymous_20)
FNDA:0,(anonymous_21)
FNDA:0,(anonymous_22)
FNDA:0,(anonymous_23)
FNDA:0,(anonymous_24)
FNDA:0,(anonymous_25)
FNDA:0,(anonymous_26)
FNDA:0,(anonymous_27)
FNDA:0,(anonymous_28)
FNDA:0,(anonymous_29)
FNDA:0,(anonymous_30)
FNDA:0,(anonymous_31)
FNDA:0,(anonymous_32)
FNDA:0,(anonymous_33)
FNDA:0,(anonymous_34)
FNDA:0,(anonymous_35)
FNDA:0,(anonymous_36)
FNDA:0,(anonymous_37)
FNDA:0,(anonymous_38)
FNDA:0,(anonymous_39)
FNDA:0,(anonymous_40)
FNDA:0,(anonymous_41)
FNDA:0,(anonymous_42)
FNDA:0,(anonymous_43)
FNDA:0,(anonymous_44)
FNDA:0,(anonymous_45)
FNDA:0,(anonymous_46)
FNDA:0,(anonymous_47)
FNDA:0,(anonymous_48)
FNDA:0,(anonymous_49)
FNDA:0,(anonymous_50)
FNDA:0,(anonymous_51)
FNDA:0,(anonymous_52)
FNDA:0,(anonymous_53)
FNDA:0,(anonymous_54)
FNDA:0,(anonymous_55)
FNDA:0,(anonymous_56)
FNDA:0,(anonymous_57)
FNDA:0,(anonymous_58)
FNDA:0,(anonymous_59)
FNDA:0,(anonymous_60)
FNDA:0,(anonymous_61)
FNDA:0,(anonymous_62)
FNDA:0,(anonymous_63)
FNDA:0,(anonymous_64)
FNDA:0,(anonymous_65)
FNDA:0,(anonymous_66)
FNDA:0,(anonymous_67)
FNDA:0,(anonymous_68)
FNDA:0,(anonymous_69)
FNDA:0,(anonymous_70)
FNDA:0,(anonymous_71)
FNDA:0,(anonymous_72)
FNDA:0,(anonymous_73)
FNDA:0,(anonymous_74)
FNDA:0,(anonymous_75)
FNDA:0,(anonymous_76)
FNDA:0,(anonymous_77)
FNDA:0,(anonymous_78)
FNDA:0,(anonymous_79)
FNDA:0,(anonymous_80)
FNDA:0,(anonymous_81)
FNDA:0,(anonymous_82)
FNDA:0,(anonymous_83)
FNDA:0,(anonymous_84)
FNDA:0,(anonymous_85)
FNDA:0,(anonymous_86)
FNDA:0,(anonymous_87)
FNDA:0,(anonymous_88)
FNDA:0,(anonymous_89)
FNDA:0,(anonymous_90)
FNDA:0,(anonymous_91)
FNDA:0,(anonymous_92)
FNDA:0,(anonymous_93)
FNDA:0,(anonymous_94)
FNDA:0,(anonymous_95)
FNDA:0,(anonymous_96)
FNDA:0,(anonymous_97)
FNDA:0,(anonymous_98)
FNDA:0,(anonymous_99)
FNDA:0,(anonymous_100)
FNDA:0,(anonymous_101)
FNDA:0,(anonymous_102)
FNDA:0,(anonymous_103)
FNDA:0,(anonymous_104)
FNDA:0,(anonymous_105)
FNDA:0,(anonymous_106)
FNDA:0,(anonymous_107)
FNDA:0,(anonymous_108)
FNDA:0,(anonymous_109)
FNDA:0,(anonymous_110)
FNDA:0,(anonymous_111)
FNDA:0,(anonymous_112)
FNDA:0,(anonymous_113)
FNDA:0,(anonymous_114)
FNDA:0,(anonymous_115)
FNDA:0,(anonymous_116)
FNDA:0,(anonymous_117)
FNDA:0,(anonymous_118)
FNDA:0,(anonymous_119)
FNDA:0,(anonymous_120)
FNDA:0,(anonymous_121)
FNDA:0,(anonymous_122)
FNDA:0,(anonymous_123)
FNDA:0,(anonymous_124)
FNDA:0,(anonymous_125)
FNDA:0,(anonymous_126)
FNDA:0,(anonymous_127)
FNDA:0,(anonymous_128)
FNDA:0,(anonymous_129)
FNDA:0,(anonymous_130)
FNDA:0,(anonymous_131)
FNDA:0,(anonymous_132)
FNDA:0,(anonymous_133)
FNDA:0,(anonymous_134)
FNDA:0,(anonymous_135)
FNDA:0,(anonymous_136)
FNDA:0,(anonymous_137)
FNDA:0,(anonymous_138)
FNDA:0,(anonymous_139)
FNDA:0,(anonymous_140)
FNDA:0,(anonymous_141)
FNDA:0,(anonymous_142)
FNDA:0,(anonymous_143)
FNDA:0,(anonymous_144)
FNDA:0,(anonymous_145)
FNDA:0,(anonymous_146)
FNDA:0,(anonymous_147)
FNDA:0,(anonymous_148)
FNDA:0,(anonymous_149)
FNDA:0,(anonymous_150)
FNDA:0,(anonymous_151)
FNDA:0,(anonymous_152)
FNDA:0,(anonymous_153)
FNDA:0,(anonymous_154)
FNDA:0,(anonymous_155)
FNDA:0,(anonymous_156)
DA:1,1
DA:2,1
DA:3,1
DA:4,1
DA:5,1
DA:6,1
DA:15,1
DA:16,1
DA:17,1
DA:18,1
DA:19,1
DA:22,1
DA:23,0
DA:25,1
DA:27,1
DA:30,0
DA:31,0
DA:32,0
DA:34,0
DA:37,0
DA:38,0
DA:40,0
DA:42,0
DA:43,0
DA:45,0
DA:46,0
DA:47,0
DA:49,0
DA:50,0
DA:51,0
DA:54,0
DA:57,0
DA:58,0
DA:59,0
DA:64,0
DA:65,0
DA:66,0
DA:67,0
DA:68,0
DA:69,0
DA:70,0
DA:71,0
DA:72,0
DA:74,0
DA:76,0
DA:77,0
DA:80,0
DA:84,0
DA:85,0
DA:86,0
DA:88,0
DA:89,0
DA:90,0
DA:91,0
DA:92,0
DA:96,0
DA:98,0
DA:99,0
DA:100,0
DA:101,0
DA:102,0
DA:103,0
DA:104,0
DA:105,0
DA:111,0
DA:112,0
DA:113,0
DA:114,0
DA:115,0
DA:116,0
DA:117,0
DA:119,0
DA:120,0
DA:121,0
DA:122,0
DA:125,0
DA:130,0
DA:133,0
DA:135,0
DA:136,0
DA:137,0
DA:142,0
DA:145,0
DA:149,0
DA:152,0
DA:162,0
DA:164,0
DA:165,0
DA:168,0
DA:175,0
DA:180,0
DA:187,0
DA:188,0
DA:189,0
DA:191,0
DA:194,0
DA:195,0
DA:196,0
DA:198,0
DA:201,0
DA:203,0
DA:204,0
DA:206,0
DA:207,0
DA:211,0
DA:214,0
DA:215,0
DA:218,0
DA:219,0
DA:223,0
DA:227,0
DA:231,0
DA:234,0
DA:235,0
DA:239,0
DA:241,0
DA:242,0
DA:251,0
DA:254,0
DA:261,0
DA:262,0
DA:265,0
DA:266,0
DA:270,0
DA:271,0
DA:273,0
DA:276,0
DA:281,0
DA:282,0
DA:284,0
DA:285,0
DA:287,0
DA:288,0
DA:293,0
DA:296,0
DA:297,0
DA:298,0
DA:299,0
DA:300,0
DA:308,0
DA:316,0
DA:317,0
DA:319,0
DA:325,0
DA:326,0
DA:328,0
DA:329,0
DA:330,0
DA:331,0
DA:335,0
DA:339,0
DA:340,0
DA:341,0
DA:349,0
DA:352,0
DA:353,0
DA:358,0
DA:360,0
DA:361,0
DA:362,0
DA:365,0
DA:366,0
DA:393,0
DA:396,0
DA:400,0
DA:414,0
DA:415,0
DA:419,0
DA:421,0
DA:430,0
DA:431,0
DA:433,0
DA:434,0
DA:438,0
DA:439,0
DA:441,0
DA:442,0
DA:443,0
DA:447,0
DA:448,0
DA:449,0
DA:450,0
DA:451,0
DA:456,0
DA:458,0
DA:459,0
DA:461,0
DA:462,0
DA:469,0
DA:470,0
DA:472,0
DA:473,0
DA:479,0
DA:480,0
DA:482,0
DA:483,0
DA:487,0
DA:491,0
DA:492,0
DA:493,0
DA:496,0
DA:497,0
DA:500,0
DA:508,0
DA:512,0
DA:538,0
DA:542,0
DA:546,0
DA:550,0
DA:554,0
DA:564,0
DA:566,0
DA:567,0
DA:568,0
DA:571,0
DA:572,0
DA:575,0
DA:577,0
DA:578,0
DA:585,0
DA:586,0
DA:591,0
DA:592,0
DA:596,0
DA:608,0
DA:612,0
DA:616,0
DA:622,0
DA:627,0
DA:643,0
DA:644,0
DA:645,0
DA:647,0
DA:648,0
DA:660,0
DA:661,0
DA:665,0
DA:666,0
DA:667,0
DA:668,0
DA:672,0
DA:673,0
DA:674,0
DA:675,0
DA:676,0
DA:678,0
DA:681,0
DA:682,0
DA:683,0
DA:686,0
DA:688,0
DA:691,0
DA:696,0
DA:697,0
DA:701,0
DA:702,0
DA:706,0
DA:709,0
DA:710,0
DA:711,0
DA:712,0
DA:713,0
DA:714,0
DA:719,0
DA:728,0
DA:729,0
DA:730,0
DA:731,0
DA:732,0
DA:738,0
DA:742,0
DA:743,0
DA:747,0
DA:748,0
DA:751,0
DA:753,0
DA:754,0
DA:763,0
DA:768,0
DA:774,0
DA:775,0
DA:776,0
DA:778,0
DA:779,0
DA:782,0
DA:783,0
DA:784,0
DA:785,0
DA:787,0
DA:788,0
DA:789,0
DA:791,0
DA:792,0
DA:796,0
DA:797,0
DA:798,0
DA:800,0
DA:801,0
DA:803,0
DA:806,0
DA:807,0
DA:808,0
DA:811,0
DA:812,0
DA:813,0
DA:814,0
DA:815,0
DA:818,0
DA:819,0
DA:824,0
DA:834,0
DA:835,0
DA:838,0
DA:845,0
DA:847,0
DA:848,0
DA:853,0
DA:854,0
DA:855,0
DA:856,0
DA:857,0
DA:858,0
DA:859,0
DA:860,0
DA:865,0
DA:866,0
DA:868,0
DA:869,0
DA:874,0
DA:876,0
DA:877,0
DA:880,0
DA:883,0
DA:886,0
DA:887,0
DA:890,0
DA:892,0
DA:894,0
DA:895,0
DA:897,0
DA:898,0
DA:899,0
DA:900,0
DA:904,0
DA:905,0
DA:907,0
DA:910,0
DA:913,0
DA:916,0
DA:921,0
DA:922,0
DA:924,0
DA:925,0
DA:926,0
DA:929,0
DA:935,0
DA:937,0
DA:938,0
DA:939,0
DA:940,0
DA:944,0
DA:945,0
DA:946,0
DA:947,0
DA:948,0
DA:949,0
DA:951,0
DA:953,0
DA:954,0
DA:955,0
DA:956,0
DA:957,0
DA:958,0
DA:963,0
DA:965,0
DA:966,0
DA:968,0
DA:971,0
DA:976,0
DA:977,0
DA:978,0
DA:979,0
DA:980,0
DA:981,0
DA:983,0
DA:984,0
DA:986,0
DA:987,0
DA:989,0
DA:990,0
DA:992,0
DA:993,0
DA:995,0
DA:996,0
DA:998,0
DA:999,0
DA:1001,0
DA:1002,0
DA:1004,0
DA:1008,0
DA:1009,0
DA:1013,0
DA:1014,0
DA:1017,0
DA:1018,0
DA:1019,0
DA:1022,0
DA:1024,0
DA:1025,0
DA:1026,0
DA:1028,0
DA:1029,0
DA:1030,0
DA:1031,0
DA:1033,0
DA:1039,0
DA:1044,0
DA:1045,0
DA:1049,0
DA:1050,0
DA:1052,0
DA:1053,0
DA:1054,0
DA:1057,0
DA:1058,0
DA:1059,0
DA:1064,0
DA:1065,0
DA:1066,0
DA:1070,0
DA:1074,0
DA:1075,0
DA:1076,0
DA:1079,0
DA:1080,0
DA:1081,0
DA:1086,0
DA:1087,0
DA:1088,0
DA:1092,0
DA:1096,0
DA:1098,0
DA:1101,0
DA:1104,0
DA:1105,0
DA:1106,0
DA:1107,0
DA:1110,0
DA:1112,0
DA:1114,0
DA:1115,0
DA:1118,0
DA:1120,0
DA:1121,0
DA:1122,0
DA:1123,0
DA:1127,0
DA:1128,0
DA:1131,0
DA:1133,0
DA:1140,0
DA:1145,0
DA:1146,0
DA:1147,0
DA:1148,0
DA:1149,0
DA:1151,0
DA:1152,0
DA:1154,0
DA:1158,0
DA:1161,0
DA:1162,0
DA:1165,0
DA:1167,0
DA:1168,0
DA:1177,0
DA:1178,0
DA:1187,0
DA:1190,0
DA:1191,0
DA:1197,0
DA:1198,0
DA:1201,0
DA:1202,0
DA:1206,0
DA:1207,0
DA:1208,0
DA:1210,0
DA:1212,0
DA:1213,0
DA:1215,0
DA:1216,0
DA:1217,0
DA:1221,0
DA:1225,0
DA:1226,0
DA:1238,0
DA:1240,0
DA:1242,0
DA:1243,0
DA:1244,0
DA:1246,0
DA:1247,0
DA:1249,0
DA:1252,0
DA:1257,0
DA:1258,0
DA:1259,0
DA:1260,0
DA:1261,0
DA:1263,0
DA:1264,0
DA:1265,0
DA:1268,0
DA:1269,0
DA:1270,0
DA:1271,0
DA:1277,0
DA:1278,0
DA:1280,0
DA:1282,0
DA:1287,0
DA:1288,0
DA:1291,0
DA:1293,0
DA:1294,0
DA:1296,0
DA:1297,0
DA:1298,0
DA:1299,0
DA:1300,0
DA:1301,0
DA:1302,0
DA:1304,0
DA:1305,0
DA:1306,0
DA:1307,0
DA:1308,0
DA:1309,0
DA:1312,0
DA:1313,0
DA:1314,0
DA:1315,0
DA:1318,0
DA:1322,0
DA:1323,0
DA:1324,0
DA:1325,0
DA:1328,0
DA:1334,0
DA:1337,0
DA:1338,0
DA:1339,0
DA:1340,0
DA:1341,0
DA:1342,0
DA:1343,0
DA:1347,0
DA:1362,0
DA:1367,0
DA:1368,0
DA:1371,0
DA:1374,0
DA:1375,0
DA:1376,0
DA:1381,0
DA:1382,0
DA:1384,0
DA:1390,0
DA:1391,0
DA:1417,0
DA:1418,0
DA:1419,0
DA:1422,0
DA:1423,0
DA:1424,0
DA:1428,0
DA:1429,0
DA:1430,0
DA:1431,0
DA:1432,0
DA:1433,0
DA:1434,0
DA:1435,0
DA:1436,0
DA:1438,0
DA:1442,0
DA:1443,0
DA:1444,0
DA:1445,0
DA:1450,0
DA:1451,0
DA:1452,0
DA:1453,0
DA:1454,0
DA:1455,0
DA:1456,0
DA:1457,0
DA:1462,0
DA:1464,0
DA:1465,0
DA:1467,0
DA:1468,0
DA:1469,0
DA:1472,0
DA:1473,0
DA:1474,0
DA:1479,0
DA:1483,0
DA:1484,0
DA:1485,0
DA:1488,0
DA:1489,0
DA:1490,0
DA:1491,0
DA:1493,0
DA:1496,0
DA:1505,0
DA:1511,0
DA:1512,0
DA:1513,0
DA:1514,0
DA:1515,0
DA:1518,0
DA:1522,0
DA:1523,0
DA:1525,0
DA:1526,0
DA:1527,0
DA:1528,0
DA:1530,0
DA:1534,0
DA:1546,0
DA:1547,0
DA:1548,0
DA:1549,0
DA:1550,0
DA:1553,0
DA:1554,0
DA:1556,0
DA:1557,0
DA:1558,0
DA:1559,0
DA:1560,0
DA:1561,0
DA:1562,0
DA:1564,0
DA:1569,0
DA:1571,0
DA:1573,0
DA:1574,0
DA:1575,0
DA:1576,0
DA:1579,0
DA:1580,0
DA:1581,0
DA:1583,0
DA:1584,0
DA:1585,0
DA:1586,0
DA:1588,0
DA:1589,0
DA:1592,0
DA:1593,0
DA:1594,0
DA:1595,0
DA:1596,0
DA:1605,0
DA:1606,0
DA:1608,0
DA:1609,0
DA:1610,0
DA:1611,0
DA:1616,0
DA:1617,0
DA:1629,0
DA:1642,0
DA:1645,0
DA:1646,0
DA:1647,0
DA:1648,0
DA:1649,0
DA:1650,0
DA:1651,0
DA:1655,0
DA:1658,0
DA:1659,0
DA:1660,0
DA:1662,0
DA:1663,0
DA:1664,0
DA:1665,0
DA:1666,0
DA:1670,0
DA:1673,0
DA:1674,0
DA:1675,0
DA:1676,0
DA:1679,0
DA:1680,0
DA:1681,0
DA:1682,0
DA:1684,0
DA:1685,0
DA:1689,0
DA:1692,0
DA:1693,0
DA:1694,0
DA:1695,0
DA:1696,0
DA:1697,0
DA:1707,0
DA:1710,0
DA:1711,0
DA:1712,0
DA:1718,0
DA:1719,0
DA:1721,0
DA:1722,0
DA:1723,0
DA:1724,0
DA:1725,0
DA:1726,0
DA:1728,0
DA:1729,0
DA:1730,0
DA:1734,0
DA:1735,0
DA:1736,0
DA:1740,0
DA:1743,0
DA:1744,0
DA:1745,0
DA:1746,0
DA:1748,0
DA:1750,0
DA:1766,0
DA:1768,0
DA:1790,0
DA:1794,0
DA:1796,0
DA:1797,0
DA:1799,0
DA:1810,0
DA:1811,0
DA:1813,0
DA:1817,0
DA:1827,0
DA:1830,0
DA:1832,0
DA:1833,0
DA:1844,0
DA:1847,0
DA:1851,0
DA:1853,0
DA:1855,0
DA:1856,0
DA:1857,0
DA:1858,0
DA:1859,0
DA:1865,0
DA:1868,0
DA:1869,0
DA:1872,0
DA:1873,0
DA:1874,0
DA:1878,0
DA:1879,0
DA:1885,0
DA:1887,0
DA:1888,0
DA:1889,0
DA:1890,0
DA:1891,0
DA:1892,0
DA:1897,0
DA:1898,0
DA:1900,0
DA:1901,0
DA:1905,0
DA:1913,0
DA:1918,0
DA:1922,0
DA:1926,0
DA:1928,0
DA:1929,0
DA:1930,0
DA:1931,0
DA:1932,0
DA:1934,0
DA:1935,0
DA:1936,0
DA:1939,0
DA:1940,0
DA:1942,0
DA:1945,0
DA:1949,0
DA:1956,0
DA:1957,0
DA:1958,0
DA:1959,0
DA:1962,0
DA:1963,0
DA:1964,0
DA:1965,0
DA:1968,0
DA:1969,0
DA:1970,0
DA:1971,0
DA:1974,0
DA:1975,0
DA:1978,0
DA:1979,0
DA:1982,0
DA:1983,0
DA:1988,0
DA:1990,0
DA:1991,0
DA:1992,0
DA:1993,0
DA:1994,0
DA:1996,0
DA:1998,0
DA:1999,0
DA:2002,0
DA:2003,0
DA:2005,0
DA:2006,0
DA:2010,0
DA:2011,0
DA:2015,0
DA:2016,0
DA:2018,0
DA:2019,0
DA:2020,0
DA:2021,0
DA:2022,0
DA:2023,0
DA:2024,0
DA:2025,0
DA:2026,0
DA:2027,0
DA:2028,0
DA:2029,0
DA:2033,0
DA:2038,0
DA:2039,0
DA:2040,0
DA:2041,0
DA:2045,0
DA:2046,0
DA:2047,0
DA:2049,0
DA:2052,0
DA:2053,0
DA:2056,0
DA:2057,0
DA:2058,0
DA:2061,0
DA:2063,0
DA:2064,0
DA:2066,0
DA:2069,0
DA:2070,0
DA:2080,0
DA:2081,0
DA:2083,0
DA:2084,0
DA:2093,0
DA:2094,0
DA:2096,0
DA:2097,0
DA:2098,0
DA:2099,0
DA:2100,0
DA:2101,0
DA:2102,0
DA:2103,0
DA:2104,0
DA:2105,0
DA:2107,0
DA:2109,0
DA:2110,0
DA:2111,0
DA:2112,0
DA:2113,0
DA:2114,0
DA:2116,0
DA:2118,0
DA:2128,0
DA:2134,0
DA:2138,0
DA:2139,0
DA:2140,0
DA:2142,0
DA:2146,0
DA:2147,0
DA:2150,0
DA:2151,0
DA:2152,0
DA:2153,0
DA:2155,0
DA:2159,0
DA:2160,0
DA:2162,0
DA:2166,0
DA:2167,0
DA:2172,0
DA:2173,0
DA:2175,0
DA:2179,0
DA:2180,0
DA:2181,0
DA:2182,0
DA:2184,0
DA:2189,0
DA:2190,0
DA:2191,0
DA:2196,0
DA:2201,0
DA:2202,0
DA:2204,0
DA:2209,0
DA:2210,0
LF:924
LH:14
BRDA:22,0,0,0
BRDA:22,1,0,1
BRDA:22,1,1,1
BRDA:30,2,0,0
BRDA:30,2,1,0
BRDA:30,3,0,0
BRDA:30,3,1,0
BRDA:38,4,0,0
BRDA:38,4,1,0
BRDA:1969,5,0,0
BRDA:1969,6,0,0
BRDA:1969,6,1,0
BRDA:1969,6,2,0
BRDA:1974,7,0,0
BRDA:1978,8,0,0
BRDA:1982,9,0,0
BRDA:58,10,0,0
BRDA:67,11,0,0
BRDA:70,12,0,0
BRDA:70,12,1,0
BRDA:71,13,0,0
BRDA:71,13,1,0
BRDA:72,14,0,0
BRDA:72,14,1,0
BRDA:85,15,0,0
BRDA:85,15,1,0
BRDA:88,16,0,0
BRDA:88,16,1,0
BRDA:89,17,0,0
BRDA:91,18,0,0
BRDA:91,19,0,0
BRDA:91,19,1,0
BRDA:100,20,0,0
BRDA:100,21,0,0
BRDA:100,21,1,0
BRDA:114,22,0,0
BRDA:114,22,1,0
BRDA:116,23,0,0
BRDA:116,24,0,0
BRDA:116,24,1,0
BRDA:116,24,2,0
BRDA:119,25,0,0
BRDA:119,25,1,0
BRDA:119,26,0,0
BRDA:119,26,1,0
BRDA:133,27,0,0
BRDA:133,27,1,0
BRDA:136,28,0,0
BRDA:136,29,0,0
BRDA:136,29,1,0
BRDA:145,30,0,0
BRDA:146,31,0,0
BRDA:146,31,1,0
BRDA:146,31,2,0
BRDA:154,32,0,0
BRDA:154,32,1,0
BRDA:154,33,0,0
BRDA:154,33,1,0
BRDA:154,34,0,0
BRDA:154,34,1,0
BRDA:154,35,0,0
BRDA:154,35,1,0
BRDA:156,36,0,0
BRDA:156,36,1,0
BRDA:156,37,0,0
BRDA:156,37,1,0
BRDA:156,38,0,0
BRDA:156,38,1,0
BRDA:156,39,0,0
BRDA:156,39,1,0
BRDA:157,40,0,0
BRDA:157,40,1,0
BRDA:157,41,0,0
BRDA:157,41,1,0
BRDA:157,42,0,0
BRDA:157,42,1,0
BRDA:157,43,0,0
BRDA:157,43,1,0
BRDA:164,44,0,0
BRDA:164,45,0,0
BRDA:164,45,1,0
BRDA:164,45,2,0
BRDA:168,46,0,0
BRDA:169,47,0,0
BRDA:169,47,1,0
BRDA:169,47,2,0
BRDA:169,47,3,0
BRDA:169,47,4,0
BRDA:169,47,5,0
BRDA:169,47,6,0
BRDA:188,48,0,0
BRDA:195,49,0,0
BRDA:195,50,0,0
BRDA:195,50,1,0
BRDA:203,51,0,0
BRDA:206,52,0,0
BRDA:211,53,0,0
BRDA:211,53,1,0
BRDA:218,54,0,0
BRDA:218,55,0,0
BRDA:218,55,1,0
BRDA:223,56,0,0
BRDA:224,57,0,0
BRDA:224,57,1,0
BRDA:224,57,2,0
BRDA:241,58,0,0
BRDA:261,59,0,0
BRDA:261,59,1,0
BRDA:261,60,0,0
BRDA:261,60,1,0
BRDA:265,61,0,0
BRDA:265,62,0,0
BRDA:265,62,1,0
BRDA:271,63,0,0
BRDA:271,63,1,0
BRDA:276,64,0,0
BRDA:277,65,0,0
BRDA:277,65,1,0
BRDA:277,65,2,0
BRDA:281,66,0,0
BRDA:281,66,1,0
BRDA:287,67,0,0
BRDA:287,68,0,0
BRDA:287,68,1,0
BRDA:293,69,0,0
BRDA:293,69,1,0
BRDA:296,70,0,0
BRDA:296,71,0,0
BRDA:296,71,1,0
BRDA:296,71,2,0
BRDA:297,72,0,0
BRDA:297,72,1,0
BRDA:299,73,0,0
BRDA:301,74,0,0
BRDA:301,74,1,0
BRDA:303,75,0,0
BRDA:303,75,1,0
BRDA:309,76,0,0
BRDA:309,76,1,0
BRDA:311,77,0,0
BRDA:311,77,1,0
BRDA:316,78,0,0
BRDA:326,79,0,0
BRDA:326,79,1,0
BRDA:352,80,0,0
BRDA:353,81,0,0
BRDA:354,82,0,0
BRDA:354,82,1,0
BRDA:354,82,2,0
BRDA:354,82,3,0
BRDA:361,83,0,0
BRDA:361,84,0,0
BRDA:361,84,1,0
BRDA:368,85,0,0
BRDA:368,85,1,0
BRDA:384,86,0,0
BRDA:384,86,1,0
BRDA:396,87,0,0
BRDA:396,87,1,0
BRDA:396,88,0,0
BRDA:396,88,1,0
BRDA:414,89,0,0
BRDA:430,90,0,0
BRDA:438,91,0,0
BRDA:447,92,0,0
BRDA:449,93,0,0
BRDA:458,94,0,0
BRDA:469,95,0,0
BRDA:479,96,0,0
BRDA:492,97,0,0
BRDA:496,98,0,0
BRDA:567,99,0,0
BRDA:567,99,1,0
BRDA:571,100,0,0
BRDA:571,101,0,0
BRDA:571,101,1,0
BRDA:577,102,0,0
BRDA:586,103,0,0
BRDA:586,103,1,0
BRDA:591,104,0,0
BRDA:596,105,0,0
BRDA:597,106,0,0
BRDA:597,106,1,0
BRDA:597,106,2,0
BRDA:660,107,0,0
BRDA:660,108,0,0
BRDA:660,108,1,0
BRDA:665,109,0,0
BRDA:665,110,0,0
BRDA:665,110,1,0
BRDA:667,111,0,0
BRDA:672,112,0,0
BRDA:675,113,0,0
BRDA:681,114,0,0
BRDA:682,115,0,0
BRDA:682,115,1,0
BRDA:682,116,0,0
BRDA:682,116,1,0
BRDA:682,116,2,0
BRDA:714,117,0,0
BRDA:715,118,0,0
BRDA:715,118,1,0
BRDA:715,118,2,0
BRDA:715,118,3,0
BRDA:728,119,0,0
BRDA:731,120,0,0
BRDA:747,121,0,0
BRDA:753,122,0,0
BRDA:763,123,0,0
BRDA:763,123,1,0
BRDA:763,124,0,0
BRDA:763,124,1,0
BRDA:763,125,0,0
BRDA:763,125,1,0
BRDA:773,126,0,0
BRDA:778,127,0,0
BRDA:778,128,0,0
BRDA:778,128,1,0
BRDA:782,129,0,0
BRDA:784,130,0,0
BRDA:791,131,0,0
BRDA:791,132,0,0
BRDA:791,132,1,0
BRDA:797,133,0,0
BRDA:800,134,0,0
BRDA:800,135,0,0
BRDA:800,135,1,0
BRDA:822,136,0,0
BRDA:822,136,1,0
BRDA:847,137,0,0
BRDA:848,138,0,0
BRDA:848,138,1,0
BRDA:848,139,0,0
BRDA:848,139,1,0
BRDA:853,140,0,0
BRDA:853,140,1,0
BRDA:855,141,0,0
BRDA:858,142,0,0
BRDA:858,142,1,0
BRDA:858,142,2,0
BRDA:860,143,0,0
BRDA:860,143,1,0
BRDA:865,144,0,0
BRDA:868,145,0,0
BRDA:876,146,0,0
BRDA:886,147,0,0
BRDA:899,148,0,0
BRDA:899,149,0,0
BRDA:899,149,1,0
BRDA:904,150,0,0
BRDA:913,151,0,0
BRDA:913,151,1,0
BRDA:921,152,0,0
BRDA:925,153,0,0
BRDA:925,154,0,0
BRDA:925,154,1,0
BRDA:935,155,0,0
BRDA:935,155,1,0
BRDA:935,156,0,0
BRDA:935,156,1,0
BRDA:939,157,0,0
BRDA:939,158,0,0
BRDA:939,158,1,0
BRDA:944,159,0,0
BRDA:944,159,1,0
BRDA:946,160,0,0
BRDA:946,160,1,0
BRDA:948,161,0,0
BRDA:951,162,0,0
BRDA:956,163,0,0
BRDA:963,164,0,0
BRDA:965,165,0,0
BRDA:965,166,0,0
BRDA:965,166,1,0
BRDA:981,167,0,0
BRDA:981,167,1,0
BRDA:981,167,2,0
BRDA:1008,168,0,0
BRDA:1013,169,0,0
BRDA:1022,170,0,0
BRDA:1022,170,1,0
BRDA:1022,171,0,0
BRDA:1022,171,1,0
BRDA:1025,172,0,0
BRDA:1025,173,0,0
BRDA:1025,173,1,0
BRDA:1029,174,0,0
BRDA:1031,175,0,0
BRDA:1044,176,0,0
BRDA:1049,177,0,0
BRDA:1049,177,1,0
BRDA:1050,178,0,0
BRDA:1050,178,1,0
BRDA:1050,179,0,0
BRDA:1050,179,1,0
BRDA:1050,180,0,0
BRDA:1050,180,1,0
BRDA:1052,181,0,0
BRDA:1057,182,0,0
BRDA:1064,183,0,0
BRDA:1074,184,0,0
BRDA:1079,185,0,0
BRDA:1086,186,0,0
BRDA:1096,187,0,0
BRDA:1104,188,0,0
BRDA:1105,189,0,0
BRDA:1105,189,1,0
BRDA:1106,190,0,0
BRDA:1106,190,1,0
BRDA:1110,191,0,0
BRDA:1110,191,1,0
BRDA:1114,192,0,0
BRDA:1122,193,0,0
BRDA:1127,194,0,0
BRDA:1127,195,0,0
BRDA:1127,195,1,0
BRDA:1133,196,0,0
BRDA:1134,197,0,0
BRDA:1134,197,1,0
BRDA:1134,197,2,0
BRDA:1134,197,3,0
BRDA:1134,197,4,0
BRDA:1138,198,0,0
BRDA:1138,198,1,0
BRDA:1145,199,0,0
BRDA:1145,199,1,0
BRDA:1146,200,0,0
BRDA:1146,200,1,0
BRDA:1146,201,0,0
BRDA:1146,201,1,0
BRDA:1148,202,0,0
BRDA:1148,202,1,0
BRDA:1151,203,0,0
BRDA:1161,204,0,0
BRDA:1174,205,0,0
BRDA:1174,205,1,0
BRDA:1174,205,2,0
BRDA:1177,206,0,0
BRDA:1190,207,0,0
BRDA:1190,208,0,0
BRDA:1190,208,1,0
BRDA:1190,208,2,0
BRDA:1197,209,0,0
BRDA:1201,210,0,0
BRDA:1201,211,0,0
BRDA:1201,211,1,0
BRDA:1206,212,0,0
BRDA:1206,212,1,0
BRDA:1206,213,0,0
BRDA:1206,213,1,0
BRDA:1206,214,0,0
BRDA:1206,214,1,0
BRDA:1207,215,0,0
BRDA:1216,216,0,0
BRDA:1216,216,1,0
BRDA:1216,216,2,0
BRDA:1221,217,0,0
BRDA:1221,217,1,0
BRDA:1221,217,2,0
BRDA:1221,217,3,0
BRDA:1221,217,4,0
BRDA:1225,218,0,0
BRDA:1225,219,0,0
BRDA:1225,219,1,0
BRDA:1238,220,0,0
BRDA:1240,221,0,0
BRDA:1240,221,1,0
BRDA:1243,222,0,0
BRDA:1246,223,0,0
BRDA:1258,224,0,0
BRDA:1260,225,0,0
BRDA:1263,226,0,0
BRDA:1268,227,0,0
BRDA:1268,227,1,0
BRDA:1270,228,0,0
BRDA:1277,229,0,0
BRDA:1282,230,0,0
[...]
BRDA:1718,241,14,0
BRDA:1732,242,0,2
BRDA:1732,242,1,2
BRDA:1732,242,2,2
BRDA:1732,242,3,0
BRDA:1733,243,0,2
BRDA:1733,243,1,2
BRDA:1733,243,2,0
BRDA:1736,244,0,2
BRDA:1741,245,0,0
BRDA:1741,246,0,2
BRDA:1741,246,1,2
BRDA:1741,246,2,2
BRDA:1741,246,3,2
BRDA:1741,246,4,2
BRDA:1745,247,0,0
BRDA:1745,248,0,2
BRDA:1745,248,1,2
BRDA:1749,249,0,0
BRDA:1753,250,0,0
BRDA:1765,251,0,0
BRDA:1784,252,0,0
BRDA:1788,253,0,0
BRDA:1788,253,1,0
BRDA:1788,254,0,0
BRDA:1788,254,1,0
BRDA:1788,254,2,0
BRDA:1802,255,0,0
BRDA:1802,255,1,0
BRDA:1802,255,2,0
BRDA:1802,255,3,0
BRDA:1836,256,0,0
BRDA:1836,256,1,0
BRDA:1838,257,0,0
BRDA:1842,258,0,0
BRDA:1863,259,0,0
BRDA:1863,259,1,0
BRDA:1863,260,0,0
BRDA:1863,260,1,0
BRDA:1883,261,0,0
BRDA:1887,262,0,0
BRDA:1887,262,1,0
BRDA:1887,262,2,0
BRDA:1899,263,0,0
BRDA:1899,263,1,0
BRDA:1900,264,0,0
BRDA:1900,264,1,0
BRDA:1913,265,0,0
BRDA:1913,265,1,0
BRDA:1913,266,0,0
BRDA:1913,266,1,0
BRDA:1913,266,2,0
BRDA:1917,267,0,0
BRDA:1917,267,1,0
BRDA:1917,268,0,0
BRDA:1917,268,1,0
BRDA:1917,268,2,0
BRDA:1926,269,0,0
BRDA:1926,269,1,0
BRDA:1927,270,0,0
BRDA:1927,270,1,0
BRDA:1929,271,0,0
BRDA:1932,272,0,0
BRDA:1932,272,1,0
BRDA:1933,273,0,0
BRDA:1933,273,1,0
BRDA:1934,274,0,0
BRDA:1934,274,1,0
BRDA:1934,275,0,0
BRDA:1934,275,1,0
BRDA:1936,276,0,0
BRDA:1936,276,1,0
BRDA:1939,277,0,0
BRDA:1947,278,0,0
BRDA:1948,279,0,0
BRDA:1948,279,1,0
BRDA:1950,280,0,0
BRDA:1953,281,0,0
BRDA:1960,282,0,0
BRDA:1960,283,0,0
BRDA:1960,283,1,0
BRDA:1961,284,0,0
BRDA:1961,284,1,0
BRDA:1961,285,0,0
BRDA:1961,285,1,0
BRDA:1962,286,0,0
BRDA:1962,287,0,0
BRDA:1962,287,1,0
BRDA:1965,288,0,0
BRDA:1965,289,0,0
BRDA:1965,289,1,0
BRDA:1969,290,0,0
BRDA:1970,291,0,0
BRDA:1984,292,0,0
BRDA:1984,293,0,0
BRDA:1985,294,0,0
BRDA:1985,295,0,0
BRDA:1985,295,1,0
BRDA:1985,295,2,0
BRDA:1990,296,0,0
BRDA:1992,297,0,0
BRDA:1996,298,0,0
BRDA:1997,299,0,0
BRDA:1997,300,0,0
BRDA:1997,300,1,0
BRDA:2006,301,0,0
BRF:534
BRH:22
end_of_record
TN:
SF:src\utils\conditionOperators\ConditionOperator.js
FN:5,(anonymous_1)
FN:9,(anonymous_2)
FN:13,(anonymous_3)
FN:17,(anonymous_4)
FN:21,(anonymous_5)
FN:25,(anonymous_6)
FNF:6
FNH:0
FNDA:0,(anonymous_1)
FNDA:0,(anonymous_2)
FNDA:0,(anonymous_3)
FNDA:0,(anonymous_4)
FNDA:0,(anonymous_5)
FNDA:0,(anonymous_6)
DA:1,1
DA:4,1
DA:6,0
DA:10,0
DA:14,0
DA:18,0
DA:22,0
DA:24,0
DA:25,0
DA:28,0
LF:10
LH:2
BRDA:21,0,0,0
BRDA:24,1,0,0
BRF:2
BRH:0
end_of_record
TN:
SF:src\utils\conditionOperators\DateGreaterThan.js
FN:4,(anonymous_1)
FN:8,(anonymous_2)
FN:12,(anonymous_3)
FN:20,(anonymous_4)
FNF:4
FNH:1
FNDA:1,(anonymous_1)
FNDA:0,(anonymous_2)
FNDA:0,(anonymous_3)
FNDA:0,(anonymous_4)
DA:1,1
DA:2,1
DA:3,1
DA:5,1
DA:9,0
DA:13,0
DA:14,0
DA:15,0
DA:17,0
DA:21,0
DA:23,0
DA:24,0
DA:27,0
DA:29,0
DA:30,0
DA:33,0
DA:34,0
DA:37,0
DA:39,0
LF:19
LH:4
BRDA:13,0,0,0
BRDA:13,0,1,0
BRDA:14,1,0,0
BRDA:14,1,1,0
BRDA:15,2,0,0
BRDA:15,2,1,0
BRDA:20,3,0,0
BRDA:23,4,0,0
BRDA:29,5,0,0
BRDA:29,6,0,0
BRDA:29,6,1,0
BRDA:29,7,0,0
BRDA:29,7,1,0
BRDA:29,8,0,0
BRDA:29,8,1,0
BRDA:29,9,0,0
BRDA:29,9,1,0
BRDA:33,10,0,0
BRDA:33,11,0,0
BRDA:33,11,1,0
BRDA:33,11,2,0
BRF:21
BRH:0
end_of_record
TN:
SF:src\utils\conditionOperators\DateGreaterThanOrEqual.js
FN:4,(anonymous_1)
FN:8,(anonymous_2)
FN:12,(anonymous_3)
FNF:3
FNH:1
FNDA:1,(anonymous_1)
FNDA:0,(anonymous_2)
FNDA:0,(anonymous_3)
DA:1,1
DA:3,1
DA:5,1
DA:9,0
DA:13,0
LF:5
LH:3
BRF:0
BRH:0
end_of_record
TN:
SF:src\utils\conditionOperators\DateLessThan.js
FN:4,(anonymous_1)
FN:8,(anonymous_2)
FN:12,(anonymous_3)
FNF:3
FNH:1
FNDA:1,(anonymous_1)
FNDA:0,(anonymous_2)
FNDA:0,(anonymous_3)
DA:1,1
DA:3,1
DA:5,1
DA:9,0
DA:13,0
LF:5
LH:3
BRF:0
BRH:0
end_of_record
TN:
SF:src\utils\conditionOperators\DateLessThanOrEqual.js
FN:4,(anonymous_1)
FN:8,(anonymous_2)
FN:12,(anonymous_3)
FNF:3
FNH:1
FNDA:1,(anonymous_1)
FNDA:0,(anonymous_2)
FNDA:0,(anonymous_3)
DA:1,1
DA:3,1
DA:5,1
DA:9,0
DA:13,0
LF:5
LH:3
BRF:0
BRH:0
end_of_record
TN:
SF:src\utils\conditionOperators\EndsWith.js
FN:5,(anonymous_1)
FN:9,(anonymous_2)
FN:13,(anonymous_3)
FNF:3
FNH:1
FNDA:1,(anonymous_1)
FNDA:0,(anonymous_2)
FNDA:0,(anonymous_3)
DA:1,1
DA:2,1
DA:4,1
DA:6,1
DA:10,0
DA:14,0
LF:6
LH:4
BRF:0
BRH:0
end_of_record
TN:
SF:src\utils\conditionOperators\GreaterThan.js
FN:5,(anonymous_1)
FN:9,(anonymous_2)
FN:13,(anonymous_3)
FNF:3
FNH:1
FNDA:1,(anonymous_1)
FNDA:0,(anonymous_2)
FNDA:0,(anonymous_3)
DA:1,1
DA:2,1
DA:4,1
DA:6,1
DA:10,0
DA:14,0
LF:6
LH:4
BRDA:14,0,0,0
BRDA:14,0,1,0
BRF:2
BRH:0
end_of_record
TN:
SF:src\utils\conditionOperators\GreaterThanOrEqual.js
FN:5,(anonymous_1)
FN:9,(anonymous_2)
FN:13,(anonymous_3)
FNF:3
FNH:1
FNDA:1,(anonymous_1)
FNDA:0,(anonymous_2)
FNDA:0,(anonymous_3)
DA:1,1
DA:2,1
DA:4,1
DA:6,1
DA:10,0
DA:14,0
LF:6
LH:4
BRDA:14,0,0,0
BRDA:14,0,1,0
BRDA:14,0,2,0
BRF:3
BRH:0
end_of_record
TN:
SF:src\utils\conditionOperators\Includes.js
FN:5,(anonymous_1)
FN:9,(anonymous_2)
FN:13,(anonymous_3)
FNF:3
FNH:1
FNDA:1,(anonymous_1)
FNDA:0,(anonymous_2)
FNDA:0,(anonymous_3)
DA:1,1
DA:2,1
DA:4,1
DA:6,1
DA:10,0
DA:14,0
LF:6
LH:4
BRF:0
BRH:0
end_of_record
TN:
SF:src\utils\conditionOperators\IsDateEqual.js
FN:4,(anonymous_1)
FN:8,(anonymous_2)
FN:12,(anonymous_3)
FNF:3
FNH:1
FNDA:1,(anonymous_1)
FNDA:0,(anonymous_2)
FNDA:0,(anonymous_3)
DA:1,1
DA:3,1
DA:5,1
DA:9,0
DA:13,0
LF:5
LH:3
BRF:0
BRH:0
end_of_record
TN:
SF:src\utils\conditionOperators\IsEmptyValue.js
FN:5,(anonymous_1)
FN:9,(anonymous_2)
FN:13,(anonymous_3)
FN:17,(anonymous_4)
FN:28,(anonymous_5)
FNF:5
FNH:1
FNDA:1,(anonymous_1)
FNDA:0,(anonymous_2)
FNDA:0,(anonymous_3)
FNDA:0,(anonymous_4)
FNDA:0,(anonymous_5)
DA:1,1
DA:2,1
DA:4,1
DA:6,1
DA:10,0
DA:14,0
DA:18,0
DA:20,0
DA:21,0
DA:22,0
DA:25,0
DA:29,0
LF:12
LH:4
BRDA:18,0,0,0
BRDA:18,0,1,0
BRDA:20,1,0,0
BRDA:20,2,0,0
BRDA:20,2,1,0
BRDA:20,3,0,0
BRDA:20,3,1,0
BRDA:20,4,0,0
BRDA:20,4,1,0
BRDA:20,5,0,0
BRDA:20,5,1,0
BRDA:22,6,0,0
BRDA:22,6,1,0
BRDA:22,7,0,0
BRDA:22,7,1,0
BRDA:22,8,0,0
BRDA:22,8,1,0
BRF:17
BRH:0
end_of_record
TN:
SF:src\utils\conditionOperators\IsEqualTo.js
FN:5,(anonymous_1)
FN:9,(anonymous_2)
FN:13,(anonymous_3)
FNF:3
FNH:1
FNDA:1,(anonymous_1)
FNDA:0,(anonymous_2)
FNDA:0,(anonymous_3)
DA:1,1
DA:2,1
DA:4,1
DA:6,1
DA:10,0
DA:14,0
DA:20,0
DA:21,0
DA:28,0
DA:29,0
DA:33,0
DA:38,0
LF:12
LH:4
BRDA:14,0,0,0
BRDA:15,1,0,0
BRDA:15,1,1,0
BRDA:15,1,2,0
BRDA:15,1,3,0
BRDA:15,1,4,0
BRDA:28,2,0,0
BRDA:28,3,0,0
BRDA:28,3,1,0
BRDA:28,3,2,0
BRDA:33,4,0,0
BRDA:33,4,1,0
BRDA:33,4,2,0
BRDA:33,4,3,0
BRDA:38,5,0,0
BRDA:38,5,1,0
BRF:16
BRH:0
end_of_record
TN:
SF:src\utils\conditionOperators\IsNotDateEqual.js
FN:4,(anonymous_1)
FN:8,(anonymous_2)
FN:12,(anonymous_3)
FNF:3
FNH:1
FNDA:1,(anonymous_1)
FNDA:0,(anonymous_2)
FNDA:0,(anonymous_3)
DA:1,1
DA:3,1
DA:5,1
DA:9,0
DA:13,0
LF:5
LH:3
BRF:0
BRH:0
end_of_record
TN:
SF:src\utils\conditionOperators\IsNotEmptyValue.js
FN:4,(anonymous_1)
FN:8,(anonymous_2)
FN:12,(anonymous_3)
FNF:3
FNH:1
FNDA:1,(anonymous_1)
FNDA:0,(anonymous_2)
FNDA:0,(anonymous_3)
DA:1,1
DA:3,1
DA:5,1
DA:9,0
DA:13,0
LF:5
LH:3
BRF:0
BRH:0
end_of_record
TN:
SF:src\utils\conditionOperators\IsNotEqualTo.js
FN:4,(anonymous_1)
FN:8,(anonymous_2)
FN:12,(anonymous_3)
FNF:3
FNH:1
FNDA:1,(anonymous_1)
FNDA:0,(anonymous_2)
FNDA:0,(anonymous_3)
DA:1,1
DA:3,1
DA:5,1
DA:9,0
DA:13,0
LF:5
LH:3
BRF:0
BRH:0
end_of_record
TN:
SF:src\utils\conditionOperators\LessThan.js
FN:5,(anonymous_1)
FN:9,(anonymous_2)
FN:13,(anonymous_3)
FNF:3
FNH:1
FNDA:1,(anonymous_1)
FNDA:0,(anonymous_2)
FNDA:0,(anonymous_3)
DA:1,1
DA:2,1
DA:4,1
DA:6,1
DA:10,0
DA:14,0
LF:6
LH:4
BRDA:14,0,0,0
BRDA:14,0,1,0
BRF:2
BRH:0
end_of_record
TN:
SF:src\utils\conditionOperators\LessThanOrEqual.js
FN:5,(anonymous_1)
FN:9,(anonymous_2)
FN:13,(anonymous_3)
FNF:3
FNH:1
FNDA:1,(anonymous_1)
FNDA:0,(anonymous_2)
FNDA:0,(anonymous_3)
DA:1,1
DA:2,1
DA:4,1
DA:6,1
DA:10,0
DA:14,0
LF:6
LH:4
BRDA:14,0,0,0
BRDA:14,0,1,0
BRDA:14,0,2,0
BRF:3
BRH:0
end_of_record
TN:
SF:src\utils\conditionOperators\NotIncludes.js
FN:4,(anonymous_1)
FN:8,(anonymous_2)
FN:12,(anonymous_3)
FNF:3
FNH:1
FNDA:1,(anonymous_1)
FNDA:0,(anonymous_2)
FNDA:0,(anonymous_3)
DA:1,1
DA:3,1
DA:5,1
DA:9,0
DA:13,0
LF:5
LH:3
BRF:0
BRH:0
end_of_record
TN:
SF:src\utils\conditionOperators\StartsWith.js
FN:5,(anonymous_1)
FN:9,(anonymous_2)
FN:13,(anonymous_3)
FNF:3
FNH:1
FNDA:1,(anonymous_1)
FNDA:0,(anonymous_2)
FNDA:0,(anonymous_3)
DA:1,1
DA:2,1
DA:4,1
DA:6,1
DA:10,0
DA:14,0
LF:6
LH:4
BRF:0
BRH:0
end_of_record
TN:
SF:src\utils\conditionOperators\index.js
FNF:0
FNH:0
DA:1,1
DA:2,1
DA:3,1
DA:4,1
DA:5,1
DA:6,1
DA:7,1
DA:8,1
DA:9,1
DA:10,1
DA:11,1
DA:12,1
DA:13,1
DA:14,1
DA:15,1
DA:16,1
DA:17,1
DA:18,1
DA:20,1
DA:41,1
LF:20
LH:20
BRF:0
BRH:0
end_of_record
TN:
SF:src\utils\jsonlogic\operators.js
FNF:0
FNH:0
DA:3,0
LF:1
LH:0
BRF:0
BRH:0
end_of_record
TN:
SF:src\utils\jsonlogic\operators.spec.js
FN:4,(anonymous_0)
FN:5,(anonymous_1)
FN:8,(anonymous_2)
FN:11,(anonymous_3)
FN:14,(anonymous_4)
FN:17,(anonymous_5)
FN:18,(anonymous_6)
FN:25,(anonymous_7)
FN:26,(anonymous_8)
FN:30,(anonymous_9)
FN:34,(anonymous_10)
FN:38,(anonymous_11)
FN:42,(anonymous_12)
FN:46,(anonymous_13)
FN:53,(anonymous_14)
FN:57,(anonymous_15)
FN:64,(anonymous_16)
FN:68,(anonymous_17)
FN:75,(anonymous_18)
FN:79,(anonymous_19)
FN:85,(anonymous_20)
FN:89,(anonymous_21)
FN:93,(anonymous_22)
FN:97,(anonymous_23)
FN:105,(anonymous_24)
FN:108,(anonymous_25)
FN:111,(anonymous_26)
FN:114,(anonymous_27)
FN:115,(anonymous_28)
FNF:29
FNH:0
FNDA:0,(anonymous_0)
FNDA:0,(anonymous_1)
FNDA:0,(anonymous_2)
FNDA:0,(anonymous_3)
FNDA:0,(anonymous_4)
FNDA:0,(anonymous_5)
FNDA:0,(anonymous_6)
FNDA:0,(anonymous_7)
FNDA:0,(anonymous_8)
FNDA:0,(anonymous_9)
FNDA:0,(anonymous_10)
FNDA:0,(anonymous_11)
FNDA:0,(anonymous_12)
FNDA:0,(anonymous_13)
FNDA:0,(anonymous_14)
FNDA:0,(anonymous_15)
FNDA:0,(anonymous_16)
FNDA:0,(anonymous_17)
FNDA:0,(anonymous_18)
FNDA:0,(anonymous_19)
FNDA:0,(anonymous_20)
FNDA:0,(anonymous_21)
FNDA:0,(anonymous_22)
FNDA:0,(anonymous_23)
FNDA:0,(anonymous_24)
FNDA:0,(anonymous_25)
FNDA:0,(anonymous_26)
FNDA:0,(anonymous_27)
FNDA:0,(anonymous_28)
DA:4,0
DA:5,0
DA:8,0
DA:11,0
DA:14,0
DA:17,0
DA:18,0
DA:19,0
DA:20,0
DA:21,0
DA:22,0
DA:25,0
DA:26,0
DA:27,0
DA:28,0
DA:30,0
DA:31,0
DA:32,0
DA:34,0
DA:35,0
DA:36,0
DA:38,0
DA:39,0
DA:40,0
DA:42,0
DA:43,0
DA:44,0
DA:46,0
DA:47,0
DA:48,0
DA:49,0
DA:50,0
DA:51,0
DA:53,0
DA:54,0
DA:55,0
DA:57,0
DA:58,0
DA:59,0
DA:60,0
DA:61,0
DA:62,0
DA:64,0
DA:65,0
DA:66,0
DA:68,0
DA:69,0
DA:70,0
DA:71,0
DA:72,0
DA:73,0
DA:75,0
DA:76,0
DA:77,0
DA:79,0
DA:80,0
DA:81,0
DA:82,0
DA:83,0
DA:85,0
DA:86,0
DA:87,0
DA:89,0
DA:90,0
DA:91,0
DA:93,0
DA:94,0
DA:95,0
DA:97,0
DA:98,0
DA:99,0
DA:100,0
DA:101,0
DA:102,0
DA:105,0
DA:108,0
DA:111,0
DA:114,0
DA:115,0
DA:116,0
DA:120,0
DA:121,0
LF:82
LH:0
BRF:0
BRH:0
end_of_record
TN:
SF:src\widgets\CalendarWidget.js
FN:26,(anonymous_1)
FN:52,(anonymous_2)
FN:71,(anonymous_3)
FN:80,(anonymous_4)
FN:93,(anonymous_5)
FN:127,(anonymous_6)
FN:140,(anonymous_7)
FN:141,(anonymous_8)
FN:167,(anonymous_9)
FN:186,(anonymous_10)
FN:196,(anonymous_11)
FN:202,(anonymous_12)
FN:219,(anonymous_13)
FN:223,(anonymous_14)
FN:232,(anonymous_15)
FN:237,(anonymous_16)
FN:238,(anonymous_17)
FN:243,(anonymous_18)
FN:244,(anonymous_19)
FN:247,(anonymous_20)
FN:248,(anonymous_21)
FN:254,(anonymous_22)
FN:258,(anonymous_23)
FN:262,(anonymous_24)
FN:263,(anonymous_25)
FN:264,(anonymous_26)
FN:278,(anonymous_27)
FN:291,(anonymous_28)
FN:295,(anonymous_29)
FN:298,(anonymous_30)
FN:314,(anonymous_31)
FN:328,(anonymous_32)
FN:334,(anonymous_33)
FN:345,(anonymous_34)
FN:358,(anonymous_35)
FN:377,(anonymous_36)
FN:386,(anonymous_37)
FN:419,(anonymous_38)
FN:440,(anonymous_39)
FN:454,(anonymous_40)
FN:459,(anonymous_41)
FN:462,(anonymous_42)
FN:474,(anonymous_43)
FN:477,(anonymous_44)
FN:503,(anonymous_45)
FN:514,(anonymous_46)
FN:518,(anonymous_47)
FN:537,(anonymous_48)
FN:560,(anonymous_49)
FN:571,(anonymous_50)
FN:583,(anonymous_51)
FN:586,(anonymous_52)
FN:590,(anonymous_53)
FN:599,(anonymous_54)
FN:607,(anonymous_55)
FN:608,(anonymous_56)
FN:638,(anonymous_57)
FNF:57
FNH:0
FNDA:0,(anonymous_1)
FNDA:0,(anonymous_2)
FNDA:0,(anonymous_3)
FNDA:0,(anonymous_4)
FNDA:0,(anonymous_5)
FNDA:0,(anonymous_6)
FNDA:0,(anonymous_7)
FNDA:0,(anonymous_8)
FNDA:0,(anonymous_9)
FNDA:0,(anonymous_10)
FNDA:0,(anonymous_11)
FNDA:0,(anonymous_12)
FNDA:0,(anonymous_13)
FNDA:0,(anonymous_14)
FNDA:0,(anonymous_15)
FNDA:0,(anonymous_16)
FNDA:0,(anonymous_17)
FNDA:0,(anonymous_18)
FNDA:0,(anonymous_19)
FNDA:0,(anonymous_20)
FNDA:0,(anonymous_21)
FNDA:0,(anonymous_22)
FNDA:0,(anonymous_23)
FNDA:0,(anonymous_24)
FNDA:0,(anonymous_25)
FNDA:0,(anonymous_26)
FNDA:0,(anonymous_27)
FNDA:0,(anonymous_28)
FNDA:0,(anonymous_29)
FNDA:0,(anonymous_30)
FNDA:0,(anonymous_31)
FNDA:0,(anonymous_32)
FNDA:0,(anonymous_33)
FNDA:0,(anonymous_34)
FNDA:0,(anonymous_35)
FNDA:0,(anonymous_36)
FNDA:0,(anonymous_37)
FNDA:0,(anonymous_38)
FNDA:0,(anonymous_39)
FNDA:0,(anonymous_40)
FNDA:0,(anonymous_41)
FNDA:0,(anonymous_42)
FNDA:0,(anonymous_43)
FNDA:0,(anonymous_44)
FNDA:0,(anonymous_45)
FNDA:0,(anonymous_46)
FNDA:0,(anonymous_47)
FNDA:0,(anonymous_48)
FNDA:0,(anonymous_49)
FNDA:0,(anonymous_50)
FNDA:0,(anonymous_51)
FNDA:0,(anonymous_52)
FNDA:0,(anonymous_53)
FNDA:0,(anonymous_54)
FNDA:0,(anonymous_55)
FNDA:0,(anonymous_56)
FNDA:0,(anonymous_57)
DA:1,1
DA:2,1
DA:3,1
DA:17,1
DA:18,1
DA:20,1
DA:21,1
DA:23,1
DA:25,1
DA:27,0
DA:53,0
DA:55,0
DA:56,0
DA:58,0
DA:59,0
DA:60,0
DA:61,0
DA:63,0
DA:64,0
DA:72,0
DA:74,0
DA:75,0
DA:78,0
DA:79,0
DA:80,0
DA:81,0
DA:82,0
DA:86,0
DA:90,0
DA:94,0
DA:96,0
DA:97,0
DA:102,0
DA:103,0
DA:107,0
DA:109,0
DA:111,0
DA:112,0
DA:114,0
DA:115,0
DA:117,0
DA:118,0
DA:119,0
DA:120,0
DA:121,0
DA:122,0
DA:123,0
DA:124,0
DA:125,0
DA:126,0
DA:127,0
DA:128,0
DA:129,0
DA:130,0
DA:132,0
DA:135,0
DA:138,0
DA:140,0
DA:141,0
DA:142,0
DA:143,0
DA:145,0
DA:146,0
DA:147,0
DA:148,0
DA:151,0
DA:152,0
DA:156,0
DA:165,0
DA:166,0
DA:167,0
DA:171,0
DA:172,0
DA:185,0
DA:187,0
DA:188,0
DA:197,0
DA:203,0
DA:204,0
DA:207,0
DA:209,0
DA:210,0
DA:212,0
DA:213,0
DA:221,0
DA:224,0
DA:227,0
DA:233,0
DA:238,0
DA:239,0
DA:244,0
DA:248,0
DA:249,0
DA:255,0
DA:259,0
DA:263,0
DA:264,0
DA:265,0
DA:266,0
DA:267,0
DA:268,0
DA:269,0
DA:275,0
DA:279,0
DA:280,0
DA:281,0
DA:282,0
DA:284,0
DA:286,0
DA:287,0
DA:292,0
DA:296,0
DA:297,0
DA:298,0
DA:299,0
DA:300,0
DA:301,0
DA:302,0
DA:311,0
DA:315,0
DA:317,0
DA:318,0
DA:321,0
DA:322,0
DA:325,0
DA:329,0
DA:335,0
DA:346,0
DA:347,0
DA:351,0
DA:360,0
DA:361,0
DA:365,0
DA:366,0
DA:367,0
DA:370,0
DA:371,0
DA:374,0
DA:378,0
DA:387,0
DA:388,0
DA:389,0
DA:398,0
DA:403,0
DA:405,0
DA:406,0
DA:407,0
DA:408,0
DA:409,0
DA:410,0
DA:412,0
DA:415,0
DA:420,0
DA:421,0
DA:422,0
DA:427,0
DA:431,0
DA:441,0
DA:442,0
DA:445,0
DA:446,0
DA:447,0
DA:449,0
DA:450,0
DA:455,0
DA:456,0
DA:457,0
DA:459,0
DA:463,0
DA:464,0
DA:467,0
DA:468,0
DA:471,0
DA:476,0
DA:477,0
DA:478,0
DA:479,0
DA:480,0
DA:481,0
DA:486,0
DA:487,0
DA:489,0
DA:490,0
DA:491,0
DA:493,0
DA:494,0
DA:495,0
DA:497,0
DA:501,0
DA:503,0
DA:506,0
DA:511,0
DA:513,0
DA:514,0
DA:516,0
DA:518,0
DA:519,0
DA:522,0
DA:523,0
DA:525,0
DA:526,0
DA:537,0
DA:538,0
DA:541,0
DA:543,0
DA:544,0
DA:545,0
DA:549,0
DA:550,0
DA:551,0
DA:555,0
DA:560,0
DA:561,0
DA:562,0
DA:563,0
DA:564,0
DA:570,0
DA:571,0
DA:572,0
DA:573,0
DA:576,0
DA:580,0
DA:584,0
DA:586,0
DA:591,0
DA:592,0
DA:593,0
DA:600,0
DA:601,0
DA:602,0
DA:604,0
DA:608,0
DA:610,0
DA:611,0
DA:612,0
DA:615,0
DA:616,0
DA:617,0
DA:625,0
DA:634,0
DA:639,0
DA:640,0
DA:642,0
DA:643,0
DA:644,0
DA:646,0
LF:246
LH:9
BRDA:55,0,0,0
BRDA:58,1,0,0
BRDA:58,1,1,0
BRDA:60,2,0,0
BRDA:74,3,0,0
BRDA:78,4,0,0
BRDA:98,5,0,0
BRDA:98,5,1,0
BRDA:104,6,0,0
BRDA:104,6,1,0
BRDA:106,7,0,0
BRDA:106,7,1,0
BRDA:111,8,0,0
BRDA:111,8,1,0
BRDA:112,9,0,0
BRDA:112,9,1,0
BRDA:114,10,0,0
BRDA:114,11,0,0
BRDA:114,11,1,0
BRDA:118,12,0,0
BRDA:118,12,1,0
BRDA:119,13,0,0
BRDA:119,13,1,0
BRDA:120,14,0,0
BRDA:120,14,1,0
BRDA:128,15,0,0
BRDA:129,16,0,0
BRDA:129,16,1,0
BRDA:129,17,0,0
BRDA:129,17,1,0
BRDA:145,18,0,0
BRDA:145,19,0,0
BRDA:145,19,1,0
BRDA:146,20,0,0
BRDA:146,20,1,0
BRDA:151,21,0,0
BRDA:165,22,0,0
BRDA:167,23,0,0
BRDA:167,23,1,0
BRDA:171,24,0,0
BRDA:171,25,0,0
BRDA:171,25,1,0
BRDA:171,26,0,0
BRDA:171,26,1,0
BRDA:187,27,0,0
BRDA:187,28,0,0
BRDA:187,28,1,0
BRDA:187,29,0,0
BRDA:187,29,1,0
BRDA:203,30,0,0
BRDA:203,31,0,0
BRDA:203,31,1,0
BRDA:203,32,0,0
BRDA:203,32,1,0
BRDA:203,33,0,0
BRDA:203,33,1,0
BRDA:209,34,0,0
BRDA:212,35,0,0
BRDA:212,35,1,0
BRDA:212,36,0,0
BRDA:212,36,1,0
BRDA:212,36,2,0
BRDA:239,37,0,0
BRDA:239,37,1,0
BRDA:265,38,0,0
BRDA:266,39,0,0
BRDA:266,39,1,0
BRDA:266,40,0,0
BRDA:266,40,1,0
BRDA:268,41,0,0
BRDA:280,42,0,0
BRDA:281,43,0,0
BRDA:281,43,1,0
BRDA:292,44,0,0
BRDA:292,44,1,0
BRDA:296,45,0,0
BRDA:301,46,0,0
BRDA:301,47,0,0
BRDA:301,47,1,0
BRDA:302,48,0,0
BRDA:302,48,1,0
BRDA:317,49,0,0
BRDA:321,50,0,0
BRDA:329,51,0,0
BRDA:329,51,1,0
BRDA:346,52,0,0
BRDA:360,53,0,0
BRDA:366,54,0,0
BRDA:366,55,0,0
BRDA:366,55,1,0
BRDA:370,56,0,0
BRDA:378,57,0,0
BRDA:378,57,1,0
BRDA:378,57,2,0
BRDA:388,58,0,0
BRDA:389,59,0,0
BRDA:389,59,1,0
BRDA:403,60,0,0
BRDA:403,60,1,0
BRDA:406,61,0,0
BRDA:406,61,1,0
BRDA:407,62,0,0
BRDA:407,62,1,0
BRDA:407,63,0,0
BRDA:407,63,1,0
BRDA:407,63,2,0
BRDA:409,64,0,0
BRDA:409,64,1,0
BRDA:419,65,0,0
BRDA:420,66,0,0
BRDA:420,66,1,0
BRDA:421,67,0,0
BRDA:421,67,1,0
BRDA:422,68,0,0
BRDA:423,69,0,0
BRDA:423,69,1,0
BRDA:423,69,2,0
BRDA:441,70,0,0
BRDA:445,71,0,0
BRDA:445,71,1,0
BRDA:456,72,0,0
BRDA:463,73,0,0
BRDA:467,74,0,0
BRDA:467,75,0,0
BRDA:467,75,1,0
BRDA:467,76,0,0
BRDA:467,76,1,0
BRDA:467,77,0,0
BRDA:467,77,1,0
BRDA:467,78,0,0
BRDA:467,78,1,0
BRDA:467,79,0,0
BRDA:467,79,1,0
BRDA:467,80,0,0
BRDA:467,80,1,0
BRDA:471,81,0,0
BRDA:471,81,1,0
BRDA:471,82,0,0
BRDA:471,82,1,0
BRDA:471,83,0,0
BRDA:471,83,1,0
BRDA:471,84,0,0
BRDA:471,84,1,0
BRDA:478,85,0,0
BRDA:478,86,0,0
BRDA:478,86,1,0
BRDA:501,87,0,0
BRDA:502,88,0,0
BRDA:502,88,1,0
BRDA:511,89,0,0
BRDA:514,90,0,0
BRDA:514,90,1,0
BRDA:519,91,0,0
BRDA:519,91,1,0
BRDA:522,92,0,0
BRDA:522,92,1,0
BRDA:525,93,0,0
BRDA:525,94,0,0
BRDA:525,94,1,0
BRDA:529,95,0,0
BRDA:529,95,1,0
BRDA:538,96,0,0
BRDA:538,96,1,0
BRDA:541,97,0,0
BRDA:541,97,1,0
BRDA:543,98,0,0
BRDA:543,98,1,0
BRDA:543,99,0,0
BRDA:543,99,1,0
BRDA:543,100,0,0
BRDA:543,100,1,0
BRDA:545,101,0,0
BRDA:545,101,1,0
BRDA:550,102,0,0
BRDA:550,103,0,0
BRDA:550,103,1,0
BRDA:552,104,0,0
BRDA:552,104,1,0
BRDA:552,105,0,0
BRDA:552,105,1,0
BRDA:552,106,0,0
BRDA:552,106,1,0
BRDA:552,107,0,0
BRDA:552,107,1,0
BRDA:553,108,0,0
BRDA:553,108,1,0
BRDA:553,109,0,0
BRDA:553,109,1,0
BRDA:553,110,0,0
BRDA:553,110,1,0
BRDA:553,111,0,0
BRDA:553,111,1,0
BRDA:561,112,0,0
BRDA:562,113,0,0
BRDA:570,114,0,0
BRDA:570,115,0,0
BRDA:570,115,1,0
BRDA:570,115,2,0
BRDA:572,116,0,0
BRDA:572,117,0,0
BRDA:572,117,1,0
BRDA:572,118,0,0
BRDA:572,118,1,0
BRDA:572,119,0,0
BRDA:572,119,1,0
BRDA:601,120,0,0
BRDA:610,121,0,0
BRDA:610,122,0,0
BRDA:610,122,1,0
BRDA:611,123,0,0
BRDA:611,124,0,0
BRDA:611,124,1,0
BRDA:611,124,2,0
BRDA:616,125,0,0
BRDA:638,126,0,0
BRDA:639,127,0,0
BRDA:642,128,0,0
BRF:217
BRH:0
end_of_record
TN:
SF:src\widgets\InputWidget.js
FN:4,(anonymous_1)
FN:10,(anonymous_2)
FN:19,(anonymous_3)
FN:24,(anonymous_4)
FN:28,(anonymous_5)
FN:37,(anonymous_6)
FN:41,(anonymous_7)
FN:45,(anonymous_8)
FN:49,(anonymous_9)
FN:53,(anonymous_10)
FN:57,(anonymous_11)
FN:61,(anonymous_12)
FN:65,(anonymous_13)
FNF:13
FNH:0
FNDA:0,(anonymous_1)
FNDA:0,(anonymous_2)
FNDA:0,(anonymous_3)
FNDA:0,(anonymous_4)
FNDA:0,(anonymous_5)
FNDA:0,(anonymous_6)
FNDA:0,(anonymous_7)
FNDA:0,(anonymous_8)
FNDA:0,(anonymous_9)
FNDA:0,(anonymous_10)
FNDA:0,(anonymous_11)
FNDA:0,(anonymous_12)
FNDA:0,(anonymous_13)
DA:1,1
DA:2,1
DA:3,1
DA:5,0
DA:11,0
DA:12,0
DA:13,0
DA:14,0
DA:15,0
DA:16,0
DA:20,0
DA:21,0
DA:25,0
DA:29,0
DA:30,0
DA:33,0
DA:38,0
DA:42,0
DA:46,0
DA:50,0
DA:54,0
DA:58,0
DA:62,0
DA:66,0
LF:24
LH:3
BRDA:12,0,0,0
BRDA:12,0,1,0
BRDA:15,1,0,0
BRDA:15,1,1,0
BRDA:16,2,0,0
BRDA:16,2,1,0
BRDA:29,3,0,0
BRDA:29,3,1,0
BRDA:73,4,0,0
BRDA:73,4,1,0
BRDA:76,5,0,0
BRDA:76,5,1,0
BRF:12
BRH:0
end_of_record
TN:
SF:src\widgets\index.js
FNF:0
FNH:0
DA:1,1
DA:2,1
DA:3,1
LF:3
LH:3
BRF:0
BRH:0
end_of_record
